This is pdfTeX, Version 3.14159265-2.6-1.40.20 (TeX Live 2019) (preloaded format=pdflatex 2020.2.13)  4 FEB 2022 19:16
entering extended mode
 restricted \write18 enabled.
 file:line:error style messages enabled.
 %&-line parsing enabled.
**bulbuliaCV.tex
(./bulbuliaCV.tex
LaTeX2e <2020-02-02> patch level 1
L3 programming layer <2020-02-11>
(/usr/local/texlive/2019/texmf-dist/tex/latex/base/article.cls
Document Class: article 2019/12/20 v1.4l Standard LaTeX document class
(/usr/local/texlive/2019/texmf-dist/tex/latex/base/size10.clo
File: size10.clo 2019/12/20 v1.4l Standard LaTeX file (size option)
)
\c@part=\count167
\c@section=\count168
\c@subsection=\count169
\c@subsubsection=\count170
\c@paragraph=\count171
\c@subparagraph=\count172
\c@figure=\count173
\c@table=\count174
\abovecaptionskip=\skip47
\belowcaptionskip=\skip48
\bibindent=\dimen134
)
(/usr/local/texlive/2019/texmf-dist/tex/latex/base/inputenc.sty
Package: inputenc 2018/08/11 v1.3c Input encoding file
\inpenc@prehook=\toks14
\inpenc@posthook=\toks15
)
(/usr/local/texlive/2019/texmf-dist/tex/generic/babel/babel.sty
Package: babel 2020/02/03 3.39 The Babel package

(/usr/local/texlive/2019/texmf-dist/tex/generic/babel/switch.def
File: switch.def 2020/02/03 3.39 Babel switching mechanism
)
(/usr/local/texlive/2019/texmf-dist/tex/generic/babel-english/english.ldf
Language: english 2017/06/06 v3.3r English support from the babel system

(/usr/local/texlive/2019/texmf-dist/tex/generic/babel/babel.def
File: babel.def 2020/02/03 3.39 Babel common definitions
\babel@savecnt=\count175
\U@D=\dimen135

(/usr/local/texlive/2019/texmf-dist/tex/generic/babel/txtbabel.def)
\bbl@readstream=\read2
\bbl@dirlevel=\count176
)
Package babel Info: \l@canadian = using hyphenrules for english
(babel)             (\language0) on input line 102.
Package babel Info: \l@australian = using hyphenrules for ukenglish
(babel)             (\language21) on input line 105.
Package babel Info: \l@newzealand = using hyphenrules for ukenglish
(babel)             (\language21) on input line 108.
))
(/usr/local/texlive/2019/texmf-dist/tex/latex/xcolor/xcolor.sty
Package: xcolor 2016/05/11 v2.12 LaTeX color extensions (UK)

(/usr/local/texlive/2019/texmf-dist/tex/latex/graphics-cfg/color.cfg
File: color.cfg 2016/01/02 v1.6 sample color configuration
)
Package xcolor Info: Driver file: pdftex.def on input line 225.

(/usr/local/texlive/2019/texmf-dist/tex/latex/graphics-def/pdftex.def
File: pdftex.def 2018/01/08 v1.0l Graphics/color driver for pdftex
)
Package xcolor Info: Model `cmy' substituted by `cmy0' on input line 1348.
Package xcolor Info: Model `hsb' substituted by `rgb' on input line 1352.
Package xcolor Info: Model `RGB' extended on input line 1364.
Package xcolor Info: Model `HTML' substituted by `rgb' on input line 1366.
Package xcolor Info: Model `Hsb' substituted by `hsb' on input line 1367.
Package xcolor Info: Model `tHsb' substituted by `hsb' on input line 1368.
Package xcolor Info: Model `HSB' substituted by `hsb' on input line 1369.
Package xcolor Info: Model `Gray' substituted by `gray' on input line 1370.
Package xcolor Info: Model `wave' substituted by `hsb' on input line 1371.

(/usr/local/texlive/2019/texmf-dist/tex/latex/graphics/dvipsnam.def
File: dvipsnam.def 2016/06/17 v3.0m Driver-dependent file (DPC,SPQR)
))
(/usr/local/texlive/2019/texmf-dist/tex/latex/base/fontenc.sty
Package: fontenc 2020/01/25 v2.0m Standard LaTeX package
)
(/usr/local/texlive/2019/texmf-dist/tex/latex/eurosym/eurosym.sty
Package: eurosym 1998/08/06 v1.1 European currency symbol ``Euro''
\@eurobox=\box45
)
(/usr/local/texlive/2019/texmf-dist/tex/latex/geometry/geometry.sty
Package: geometry 2020/01/02 v5.9 Page Geometry

(/usr/local/texlive/2019/texmf-dist/tex/latex/graphics/keyval.sty
Package: keyval 2014/10/28 v1.15 key=value parser (DPC)
\KV@toks@=\toks16
)
(/usr/local/texlive/2019/texmf-dist/tex/generic/iftex/ifvtex.sty
Package: ifvtex 2019/10/25 v1.7 ifvtex legacy package. Use iftex instead.

(/usr/local/texlive/2019/texmf-dist/tex/generic/iftex/iftex.sty
Package: iftex 2019/11/07 v1.0c TeX engine tests
))
\Gm@cnth=\count177
\Gm@cntv=\count178
\c@Gm@tempcnt=\count179
\Gm@bindingoffset=\dimen136
\Gm@wd@mp=\dimen137
\Gm@odd@mp=\dimen138
\Gm@even@mp=\dimen139
\Gm@layoutwidth=\dimen140
\Gm@layoutheight=\dimen141
\Gm@layouthoffset=\dimen142
\Gm@layoutvoffset=\dimen143
\Gm@dimlist=\toks17
)
(/usr/local/texlive/2019/texmf-dist/tex/latex/marginnote/marginnote.sty
Package: marginnote 2018/08/09 v1.4b non floating margin notes for LaTeX
\c@mn@abspage=\count180
)
(/usr/local/texlive/2019/texmf-dist/tex/latex/sectsty/sectsty.sty
Package: sectsty 2002/02/25 v2.0.2 Commands to change all sectional heading sty
les


LaTeX Warning: Command \underbar  has changed.
               Check if current package is valid.


LaTeX Warning: Command \underline  has changed.
               Check if current package is valid.

) (/usr/local/texlive/2019/texmf-dist/tex/latex/graphics/graphicx.sty
Package: graphicx 2019/11/30 v1.2a Enhanced LaTeX Graphics (DPC,SPQR)

(/usr/local/texlive/2019/texmf-dist/tex/latex/graphics/graphics.sty
Package: graphics 2019/11/30 v1.4a Standard LaTeX Graphics (DPC,SPQR)

(/usr/local/texlive/2019/texmf-dist/tex/latex/graphics/trig.sty
Package: trig 2016/01/03 v1.10 sin cos tan (DPC)
)
(/usr/local/texlive/2019/texmf-dist/tex/latex/graphics-cfg/graphics.cfg
File: graphics.cfg 2016/06/04 v1.11 sample graphics configuration
)
Package graphics Info: Driver file: pdftex.def on input line 105.
)
\Gin@req@height=\dimen144
\Gin@req@width=\dimen145
)
(/usr/local/texlive/2019/texmf-dist/tex/latex/hyperref/hyperref.sty
Package: hyperref 2020/01/14 v7.00d Hypertext links for LaTeX

(/usr/local/texlive/2019/texmf-dist/tex/generic/ltxcmds/ltxcmds.sty
Package: ltxcmds 2019/12/15 v1.24 LaTeX kernel commands for general use (HO)
)
(/usr/local/texlive/2019/texmf-dist/tex/latex/pdftexcmds/pdftexcmds.sty
Package: pdftexcmds 2019/11/24 v0.31 Utility functions of pdfTeX for LuaTeX (HO
)

(/usr/local/texlive/2019/texmf-dist/tex/generic/infwarerr/infwarerr.sty
Package: infwarerr 2019/12/03 v1.5 Providing info/warning/error messages (HO)
)
Package pdftexcmds Info: \pdf@primitive is available.
Package pdftexcmds Info: \pdf@ifprimitive is available.
Package pdftexcmds Info: \pdfdraftmode found.
)
(/usr/local/texlive/2019/texmf-dist/tex/generic/kvsetkeys/kvsetkeys.sty
Package: kvsetkeys 2019/12/15 v1.18 Key value parser (HO)
)
(/usr/local/texlive/2019/texmf-dist/tex/generic/kvdefinekeys/kvdefinekeys.sty
Package: kvdefinekeys 2019-12-19 v1.6 Define keys (HO)
)
(/usr/local/texlive/2019/texmf-dist/tex/generic/pdfescape/pdfescape.sty
Package: pdfescape 2019/12/09 v1.15 Implements pdfTeX's escape features (HO)
)
(/usr/local/texlive/2019/texmf-dist/tex/latex/hycolor/hycolor.sty
Package: hycolor 2020-01-27 v1.10 Color options for hyperref/bookmark (HO)
)
(/usr/local/texlive/2019/texmf-dist/tex/latex/letltxmacro/letltxmacro.sty
Package: letltxmacro 2019/12/03 v1.6 Let assignment for LaTeX macros (HO)
)
(/usr/local/texlive/2019/texmf-dist/tex/latex/auxhook/auxhook.sty
Package: auxhook 2019-12-17 v1.6 Hooks for auxiliary files (HO)
)
(/usr/local/texlive/2019/texmf-dist/tex/latex/kvoptions/kvoptions.sty
Package: kvoptions 2019/11/29 v3.13 Key value format for package options (HO)
)
\@linkdim=\dimen146
\Hy@linkcounter=\count181
\Hy@pagecounter=\count182

(/usr/local/texlive/2019/texmf-dist/tex/latex/hyperref/pd1enc.def
File: pd1enc.def 2020/01/14 v7.00d Hyperref: PDFDocEncoding definition (HO)
Now handling font encoding PD1 ...
... no UTF-8 mapping file for font encoding PD1
)
(/usr/local/texlive/2019/texmf-dist/tex/generic/intcalc/intcalc.sty
Package: intcalc 2019/12/15 v1.3 Expandable calculations with integers (HO)
)
(/usr/local/texlive/2019/texmf-dist/tex/generic/etexcmds/etexcmds.sty
Package: etexcmds 2019/12/15 v1.7 Avoid name clashes with e-TeX commands (HO)
)
\Hy@SavedSpaceFactor=\count183
\pdfmajorversion=\count184
Package hyperref Info: Hyper figures OFF on input line 4547.
Package hyperref Info: Link nesting OFF on input line 4552.
Package hyperref Info: Hyper index ON on input line 4555.
Package hyperref Info: Plain pages OFF on input line 4562.
Package hyperref Info: Backreferencing OFF on input line 4567.
Package hyperref Info: Implicit mode ON; LaTeX internals redefined.
Package hyperref Info: Bookmarks ON on input line 4800.
\c@Hy@tempcnt=\count185

(/usr/local/texlive/2019/texmf-dist/tex/latex/url/url.sty
\Urlmuskip=\muskip16
Package: url 2013/09/16  ver 3.4  Verb mode for urls, etc.
)
LaTeX Info: Redefining \url on input line 5159.
\XeTeXLinkMargin=\dimen147

(/usr/local/texlive/2019/texmf-dist/tex/generic/bitset/bitset.sty
Package: bitset 2019/12/09 v1.3 Handle bit-vector datatype (HO)

(/usr/local/texlive/2019/texmf-dist/tex/generic/bigintcalc/bigintcalc.sty
Package: bigintcalc 2019/12/15 v1.5 Expandable calculations on big integers (HO
)
))
\Fld@menulength=\count186
\Field@Width=\dimen148
\Fld@charsize=\dimen149
Package hyperref Info: Hyper figures OFF on input line 6430.
Package hyperref Info: Link nesting OFF on input line 6435.
Package hyperref Info: Hyper index ON on input line 6438.
Package hyperref Info: backreferencing OFF on input line 6445.
Package hyperref Info: Link coloring OFF on input line 6450.
Package hyperref Info: Link coloring with OCG OFF on input line 6455.
Package hyperref Info: PDF/A mode OFF on input line 6460.
LaTeX Info: Redefining \ref on input line 6500.
LaTeX Info: Redefining \pageref on input line 6504.

(/usr/local/texlive/2019/texmf-dist/tex/generic/atbegshi/atbegshi.sty
Package: atbegshi 2019/12/05 v1.19 At begin shipout hook (HO)
)
\Hy@abspage=\count187
\c@Item=\count188
\c@Hfootnote=\count189
)
Package hyperref Info: Driver (autodetected): hpdftex.

(/usr/local/texlive/2019/texmf-dist/tex/latex/hyperref/hpdftex.def
File: hpdftex.def 2020/01/14 v7.00d Hyperref driver for pdfTeX

(/usr/local/texlive/2019/texmf-dist/tex/latex/atveryend/atveryend.sty
Package: atveryend 2019-12-11 v1.11 Hooks at the very end of document (HO)
Package atveryend Info: \enddocument detected (standard20110627).
)
\Fld@listcount=\count190
\c@bookmark@seq@number=\count191

(/usr/local/texlive/2019/texmf-dist/tex/latex/rerunfilecheck/rerunfilecheck.sty
Package: rerunfilecheck 2019/12/05 v1.9 Rerun checks for auxiliary files (HO)

(/usr/local/texlive/2019/texmf-dist/tex/generic/uniquecounter/uniquecounter.sty
Package: uniquecounter 2019/12/15 v1.4 Provide unlimited unique counter (HO)
)
Package uniquecounter Info: New unique counter `rerunfilecheck' on input line 2
86.
)
\Hy@SectionHShift=\skip49
)
Package hyperref Info: Option `colorlinks' set `true' on input line 111.
 (/usr/local/texlive/2019/texmf-dist/tex/latex/mdwtools/mdwlist.sty
Package: mdwlist 1996/05/02 1.1 Various list-related things
)
(/usr/local/texlive/2019/texmf-dist/tex/latex/microtype/microtype.sty
Package: microtype 2019/11/18 v2.7d Micro-typographical refinements (RS)
\MT@toks=\toks18
\MT@count=\count192
LaTeX Info: Redefining \textls on input line 790.
\MT@outer@kern=\dimen150
LaTeX Info: Redefining \textmicrotypecontext on input line 1354.
\MT@listname@count=\count193

(/usr/local/texlive/2019/texmf-dist/tex/latex/microtype/microtype-pdftex.def
File: microtype-pdftex.def 2019/11/18 v2.7d Definitions specific to pdftex (RS)

LaTeX Info: Redefining \lsstyle on input line 914.
LaTeX Info: Redefining \lslig on input line 914.
\MT@outer@space=\skip50
)
Package microtype Info: Loading configuration file microtype.cfg.

(/usr/local/texlive/2019/texmf-dist/tex/latex/microtype/microtype.cfg
File: microtype.cfg 2019/11/18 v2.7d microtype main configuration file (RS)
))
(/usr/local/texlive/2019/texmf-dist/tex/latex/tools/enumerate.sty
Package: enumerate 2015/07/23 v3.00 enumerate extensions (DPC)
\@enLab=\toks19
)
(/usr/local/texlive/2019/texmf-dist/tex/latex/setspace/setspace.sty
Package: setspace 2011/12/19 v6.7a set line spacing
)
(/usr/local/texlive/2019/texmf-dist/tex/latex/l3backend/l3backend-pdfmode.def
File: l3backend-pdfmode.def 2020-02-03 L3 backend support: PDF mode
\l__kernel_color_stack_int=\count194
\l__pdf_internal_box=\box46
)
(./bulbuliaCV.aux

LaTeX Warning: Label `this' multiply defined.


LaTeX Warning: Label `this' multiply defined.


LaTeX Warning: Label `doi:0' multiply defined.


LaTeX Warning: Label `doi:0' multiply defined.


LaTeX Warning: Label `doi:0' multiply defined.


LaTeX Warning: Label `Satherley:2015' multiply defined.

)
\openout1 = `bulbuliaCV.aux'.

LaTeX Font Info:    Checking defaults for OML/cmm/m/it on input line 148.
LaTeX Font Info:    ... okay on input line 148.
LaTeX Font Info:    Checking defaults for OMS/cmsy/m/n on input line 148.
LaTeX Font Info:    ... okay on input line 148.
LaTeX Font Info:    Checking defaults for OT1/cmr/m/n on input line 148.
LaTeX Font Info:    ... okay on input line 148.
LaTeX Font Info:    Checking defaults for T1/cmr/m/n on input line 148.
LaTeX Font Info:    ... okay on input line 148.
LaTeX Font Info:    Checking defaults for TS1/cmr/m/n on input line 148.
LaTeX Font Info:    ... okay on input line 148.
LaTeX Font Info:    Checking defaults for OMX/cmex/m/n on input line 148.
LaTeX Font Info:    ... okay on input line 148.
LaTeX Font Info:    Checking defaults for U/cmr/m/n on input line 148.
LaTeX Font Info:    ... okay on input line 148.
LaTeX Font Info:    Checking defaults for PD1/pdf/m/n on input line 148.
LaTeX Font Info:    ... okay on input line 148.
 (/usr/local/texlive/2019/texmf-dist/tex/context/base/mkii/supp-pdf.mkii
[Loading MPS to PDF converter (version 2006.09.02).]
\scratchcounter=\count195
\scratchdimen=\dimen151
\scratchbox=\box47
\nofMPsegments=\count196
\nofMParguments=\count197
\everyMPshowfont=\toks20
\MPscratchCnt=\count198
\MPscratchDim=\dimen152
\MPnumerator=\count199
\makeMPintoPDFobject=\count266
\everyMPtoPDFconversion=\toks21
) (/usr/local/texlive/2019/texmf-dist/tex/latex/epstopdf-pkg/epstopdf-base.sty
Package: epstopdf-base 2020-01-24 v2.11 Base part for package epstopdf
Package epstopdf-base Info: Redefining graphics rule for `.eps' on input line 4
85.

(/usr/local/texlive/2019/texmf-dist/tex/latex/latexconfig/epstopdf-sys.cfg
File: epstopdf-sys.cfg 2010/07/13 v1.3 Configuration of (r)epstopdf for TeX Liv
e
))
*geometry* driver: auto-detecting
*geometry* detected driver: pdftex
*geometry* verbose mode - [ preamble ] result:
* driver: pdftex
* paper: a4paper
* layout: <same size as paper>
* layoutoffset:(h,v)=(0.0pt,0.0pt)
* modes: 
* h-part:(L,W,R)=(100.01144pt, 397.48499pt, 100.01144pt)
* v-part:(T,H,B)=(92.30072pt, 614.295pt, 138.45113pt)
* \paperwidth=597.50787pt
* \paperheight=845.04684pt
* \textwidth=397.48499pt
* \textheight=614.295pt
* \oddsidemargin=27.74146pt
* \evensidemargin=27.74146pt
* \topmargin=-16.96927pt
* \headheight=12.0pt
* \headsep=25.0pt
* \topskip=10.0pt
* \footskip=30.0pt
* \marginparwidth=43.36243pt
* \marginparsep=7.0pt
* \columnsep=10.0pt
* \skip\footins=9.0pt plus 4.0pt minus 2.0pt
* \hoffset=0.0pt
* \voffset=0.0pt
* \mag=1000
* \@twocolumnfalse
* \@twosidefalse
* \@mparswitchfalse
* \@reversemargintrue
* (1in=72.27pt=25.4mm, 1cm=28.453pt)

\AtBeginShipoutBox=\box48
Package hyperref Info: Link coloring ON on input line 148.
(/usr/local/texlive/2019/texmf-dist/tex/latex/hyperref/nameref.sty
Package: nameref 2019/09/16 v2.46 Cross-referencing by name of section

(/usr/local/texlive/2019/texmf-dist/tex/latex/refcount/refcount.sty
Package: refcount 2019/12/15 v3.6 Data extraction from label references (HO)
)
(/usr/local/texlive/2019/texmf-dist/tex/generic/gettitlestring/gettitlestring.s
ty
Package: gettitlestring 2019/12/15 v1.6 Cleanup title references (HO)
)
\c@section@level=\count267
)
LaTeX Info: Redefining \ref on input line 148.
LaTeX Info: Redefining \pageref on input line 148.
LaTeX Info: Redefining \nameref on input line 148.
 (./bulbuliaCV.out) (./bulbuliaCV.out)
\@outlinefile=\write3
\openout3 = `bulbuliaCV.out'.

LaTeX Info: Redefining \microtypecontext on input line 148.
Package microtype Info: Generating PDF output.
Package microtype Info: Character protrusion enabled (level 2).
Package microtype Info: Using default protrusion set `alltext'.
Package microtype Info: Automatic font expansion enabled (level 2),
(microtype)             stretch: 20, shrink: 20, step: 1, non-selected.
Package microtype Info: Using default expansion set `basictext'.
LaTeX Info: Redefining \showhyphens on input line 148.
Package microtype Info: No adjustment of tracking.
Package microtype Info: No adjustment of interword spacing.
Package microtype Info: No adjustment of character kerning.

(/usr/local/texlive/2019/texmf-dist/tex/latex/microtype/mt-cmr.cfg
File: mt-cmr.cfg 2013/05/19 v2.2 microtype config. file: Computer Modern Roman 
(RS)
)
Package marginnote Info: Margin note 1.1 is on absolute page 1 on input line 17
2.
Package marginnote Info: right page because not two side mode on input line 172
.
LaTeX Font Info:    External font `cmex10' loaded for size
(Font)              <7> on input line 172.
LaTeX Font Info:    External font `cmex10' loaded for size
(Font)              <5> on input line 172.
Package marginnote Info: xpos seems to be 100.01144pt on input line 172.
Package marginnote Info: Margin note 1.2 is on absolute page 1 on input line 17
3.
Package marginnote Info: right page because not two side mode on input line 173
.
Package marginnote Info: xpos seems to be 100.01144pt on input line 173.
Package marginnote Info: Margin note 1.3 is on absolute page 1 on input line 17
4.
Package marginnote Info: right page because not two side mode on input line 174
.
Package marginnote Info: xpos seems to be 100.01144pt on input line 174.
LaTeX Font Info:    External font `cmex10' loaded for size
(Font)              <9> on input line 174.
LaTeX Font Info:    External font `cmex10' loaded for size
(Font)              <6> on input line 174.
Package marginnote Info: Margin note 1.4 is on absolute page 1 on input line 18
1.
Package marginnote Info: right page because not two side mode on input line 181
.
Package marginnote Info: xpos seems to be 100.01144pt on input line 181.
Package marginnote Info: Margin note 1.5 is on absolute page 1 on input line 18
2.
Package marginnote Info: right page because not two side mode on input line 182
.
Package marginnote Info: xpos seems to be 100.01144pt on input line 182.
Package marginnote Info: Margin note 1.6 is on absolute page 1 on input line 18
3.
Package marginnote Info: right page because not two side mode on input line 183
.
Package marginnote Info: xpos seems to be 100.01144pt on input line 183.
Package marginnote Info: Margin note 1.7 is on absolute page 1 on input line 18
4.
Package marginnote Info: right page because not two side mode on input line 184
.
Package marginnote Info: xpos seems to be 100.01144pt on input line 184.

Underfull \hbox (badness 10000) in paragraph at lines 180--186

 []

Package marginnote Info: Margin note 1.8 is on absolute page 1 on input line 18
9.
Package marginnote Info: right page because not two side mode on input line 189
.
Package marginnote Info: xpos seems to be 100.01144pt on input line 189.
Package marginnote Info: Margin note 1.9 is on absolute page 1 on input line 19
0.
Package marginnote Info: right page because not two side mode on input line 190
.
Package marginnote Info: xpos seems to be 100.01144pt on input line 190.
Package marginnote Info: Margin note 1.10 is on absolute page 1 on input line 1
91.
Package marginnote Info: right page because not two side mode on input line 191
.
Package marginnote Info: xpos seems to be 100.01144pt on input line 191.
Package marginnote Info: Margin note 1.11 is on absolute page 1 on input line 1
92.
Package marginnote Info: right page because not two side mode on input line 192
.
Package marginnote Info: xpos seems to be 104.12155pt on input line 192.
Package marginnote Info: Margin note 1.12 is on absolute page 1 on input line 1
93.
Package marginnote Info: right page because not two side mode on input line 193
.
Package marginnote Info: xpos seems to be 100.01144pt on input line 193.
Package marginnote Info: Margin note 1.13 is on absolute page 1 on input line 1
94.
Package marginnote Info: right page because not two side mode on input line 194
.
Package marginnote Info: xpos seems to be 100.01144pt on input line 194.
Package marginnote Info: Margin note 1.14 is on absolute page 1 on input line 1
95.
Package marginnote Info: right page because not two side mode on input line 195
.
Package marginnote Info: xpos seems to be 100.01144pt on input line 195.
Package marginnote Info: Margin note 1.15 is on absolute page 1 on input line 1
96.
Package marginnote Info: right page because not two side mode on input line 196
.
Package marginnote Info: xpos seems to be 100.01144pt on input line 196.
Package marginnote Info: Margin note 1.16 is on absolute page 1 on input line 1
97.
Package marginnote Info: right page because not two side mode on input line 197
.
Package marginnote Info: xpos seems to be 100.01144pt on input line 197.
Package marginnote Info: Margin note 1.17 is on absolute page 1 on input line 1
98.
Package marginnote Info: right page because not two side mode on input line 198
.
Package marginnote Info: xpos seems to be 100.01144pt on input line 198.
Package marginnote Info: Margin note 1.18 is on absolute page 1 on input line 1
99.
Package marginnote Info: right page because not two side mode on input line 199
.
Package marginnote Info: xpos seems to be 100.01144pt on input line 199.
Package marginnote Info: Margin note 1.19 is on absolute page 1 on input line 2
00.
Package marginnote Info: right page because not two side mode on input line 200
.
Package marginnote Info: xpos seems to be 100.01144pt on input line 200.
Package marginnote Info: Margin note 1.20 is on absolute page 1 on input line 2
01.
Package marginnote Info: right page because not two side mode on input line 201
.
Package marginnote Info: xpos seems to be 100.01144pt on input line 201.
Package marginnote Info: Margin note 1.21 is on absolute page 1 on input line 2
02.
Package marginnote Info: right page because not two side mode on input line 202
.
Package marginnote Info: xpos seems to be 100.01144pt on input line 202.
Package marginnote Info: Margin note 1.22 is on absolute page 1 on input line 2
03.
Package marginnote Info: right page because not two side mode on input line 203
.
Package marginnote Info: xpos seems to be 100.01144pt on input line 203.
Package marginnote Info: Margin note 1.23 is on absolute page 1 on input line 2
04.
Package marginnote Info: right page because not two side mode on input line 204
.
Package marginnote Info: xpos seems to be 100.01144pt on input line 204.

Underfull \hbox (badness 10000) in paragraph at lines 188--205

 []

Package marginnote Info: Margin note 1.24 is on absolute page 2 on input line 2
08.
Package marginnote Info: right page because not two side mode on input line 208
.
Package marginnote Info: xpos seems to be 100.01144pt on input line 208.
Package marginnote Info: Margin note 1.25 is on absolute page 2 on input line 2
09.
Package marginnote Info: right page because not two side mode on input line 209
.
Package marginnote Info: xpos seems to be 100.01144pt on input line 209.
Package marginnote Info: Margin note 1.26 is on absolute page 2 on input line 2
10.
Package marginnote Info: right page because not two side mode on input line 210
.
Package marginnote Info: xpos seems to be 100.01144pt on input line 210.
Package marginnote Info: Margin note 1.27 is on absolute page 2 on input line 2
11.
Package marginnote Info: right page because not two side mode on input line 211
.
Package marginnote Info: xpos seems to be 100.01144pt on input line 211.
Package marginnote Info: Margin note 1.28 is on absolute page 2 on input line 2
12.
Package marginnote Info: right page because not two side mode on input line 212
.
Package marginnote Info: xpos seems to be 100.01144pt on input line 212.

Underfull \hbox (badness 10000) in paragraph at lines 208--213

 []

[1

{/usr/local/texlive/2019/texmf-var/fonts/map/pdftex/updmap/pdftex.map}]
Underfull \hbox (badness 10000) in paragraph at lines 231--233

 []

Package marginnote Info: Margin note 2.1 is on absolute page 2 on input line 23
4.
Package marginnote Info: right page because not two side mode on input line 234
.
Package marginnote Info: xpos seems to be 100.01144pt on input line 234.
Package marginnote Info: Margin note 2.2 is on absolute page 2 on input line 23
5.
Package marginnote Info: right page because not two side mode on input line 235
.
Package marginnote Info: xpos seems to be 100.01144pt on input line 235.
Package marginnote Info: Margin note 2.3 is on absolute page 2 on input line 23
6.
Package marginnote Info: right page because not two side mode on input line 236
.
Package marginnote Info: xpos seems to be 100.01144pt on input line 236.
Package marginnote Info: Margin note 2.4 is on absolute page 2 on input line 23
7.
Package marginnote Info: right page because not two side mode on input line 237
.
Package marginnote Info: xpos seems to be 100.01144pt on input line 237.
Package marginnote Info: Margin note 2.5 is on absolute page 2 on input line 23
8.
Package marginnote Info: right page because not two side mode on input line 238
.
Package marginnote Info: xpos seems to be 100.01144pt on input line 238.
Package marginnote Info: Margin note 2.6 is on absolute page 2 on input line 23
9.
Package marginnote Info: right page because not two side mode on input line 239
.
Package marginnote Info: xpos seems to be 100.01144pt on input line 239.
Package marginnote Info: Margin note 2.7 is on absolute page 2 on input line 24
0.
Package marginnote Info: right page because not two side mode on input line 240
.
Package marginnote Info: xpos seems to be 100.01144pt on input line 240.
Package marginnote Info: Margin note 2.8 is on absolute page 2 on input line 24
1.
Package marginnote Info: right page because not two side mode on input line 241
.
Package marginnote Info: xpos seems to be 100.01144pt on input line 241.
Package marginnote Info: Margin note 2.9 is on absolute page 2 on input line 24
2.
Package marginnote Info: right page because not two side mode on input line 242
.
Package marginnote Info: xpos seems to be 100.01144pt on input line 242.
Package marginnote Info: Margin note 2.10 is on absolute page 2 on input line 2
43.
Package marginnote Info: right page because not two side mode on input line 243
.
Package marginnote Info: xpos seems to be 100.01144pt on input line 243.
Package marginnote Info: Margin note 2.11 is on absolute page 2 on input line 2
44.
Package marginnote Info: right page because not two side mode on input line 244
.
Package marginnote Info: xpos seems to be 100.01144pt on input line 244.
Package marginnote Info: Margin note 2.12 is on absolute page 2 on input line 2
46.
Package marginnote Info: right page because not two side mode on input line 246
.
Package marginnote Info: xpos seems to be 100.01144pt on input line 246.
Package marginnote Info: Margin note 2.13 is on absolute page 2 on input line 2
47.
Package marginnote Info: right page because not two side mode on input line 247
.
Package marginnote Info: xpos seems to be 100.01144pt on input line 247.
Package marginnote Info: Margin note 2.14 is on absolute page 2 on input line 2
48.
Package marginnote Info: right page because not two side mode on input line 248
.
Package marginnote Info: xpos seems to be 100.01144pt on input line 248.
Package marginnote Info: Margin note 2.15 is on absolute page 2 on input line 2
50.
Package marginnote Info: right page because not two side mode on input line 250
.
Package marginnote Info: xpos seems to be 100.01144pt on input line 250.
Package marginnote Info: Margin note 2.16 is on absolute page 2 on input line 2
53.
Package marginnote Info: right page because not two side mode on input line 253
.
Package marginnote Info: xpos seems to be 100.01144pt on input line 253.
[2] [3] [4] [5pdfTeX warning (ext4): destination with the same identifier (name
{cite.this}) has been already used, duplicate ignored

\AtBegShi@Output ...ipout \box \AtBeginShipoutBox 
                                                  \fi \fi 
l.576 
      pdfTeX warning (ext4): destination with the same identifier (name{cite.th
is}) has been already used, duplicate ignored

\AtBegShi@Output ...ipout \box \AtBeginShipoutBox 
                                                  \fi \fi 
l.576 
      ] [6pdfTeX warning (ext4): destination with the same identifier (name{cit
e.doi:0}) has been already used, duplicate ignored

\AtBegShi@Output ...ipout \box \AtBeginShipoutBox 
                                                  \fi \fi 
l.698 \bibitem{Bulbulia:2016aa}
                               pdfTeX warning (ext4): destination with the same
 identifier (name{cite.doi:0}) has been already used, duplicate ignored

\AtBegShi@Output ...ipout \box \AtBeginShipoutBox 
                                                  \fi \fi 
l.698 \bibitem{Bulbulia:2016aa}
                               pdfTeX warning (ext4): destination with the same
 identifier (name{cite.doi:0}) has been already used, duplicate ignored

\AtBegShi@Output ...ipout \box \AtBeginShipoutBox 
                                                  \fi \fi 
l.698 \bibitem{Bulbulia:2016aa}
                               ] [7]pdfTeX warning (ext4): destination with the
 same identifier (name{cite.Satherley:2015}) has been already used, duplicate i
gnored
<to be read again> 
                   \relax 
l.826 \bibitem{Satherley:2015}
                               [8] [9] [10] [11]
Package marginnote Info: Margin note 12.1 is on absolute page 12 on input line 
1479.
Package marginnote Info: right page because not two side mode on input line 147
9.
Package marginnote Info: xpos seems to be 100.01144pt on input line 1479.
Package marginnote Info: Margin note 12.2 is on absolute page 12 on input line 
1481.
Package marginnote Info: right page because not two side mode on input line 148
1.
Package marginnote Info: xpos seems to be 100.01144pt on input line 1481.
Package marginnote Info: Margin note 12.3 is on absolute page 12 on input line 
1483.
Package marginnote Info: right page because not two side mode on input line 148
3.
Package marginnote Info: xpos seems to be 100.01144pt on input line 1483.
Package marginnote Info: Margin note 12.4 is on absolute page 12 on input line 
1485.
Package marginnote Info: right page because not two side mode on input line 148
5.
Package marginnote Info: xpos seems to be 100.01144pt on input line 1485.
Package marginnote Info: Margin note 12.5 is on absolute page 12 on input line 
1487.
Package marginnote Info: right page because not two side mode on input line 148
7.
Package marginnote Info: xpos seems to be 100.01144pt on input line 1487.
Package marginnote Info: Margin note 12.6 is on absolute page 12 on input line 
1489.
Package marginnote Info: right page because not two side mode on input line 148
9.
Package marginnote Info: xpos seems to be 100.01144pt on input line 1489.
Package marginnote Info: Margin note 12.7 is on absolute page 12 on input line 
1491.
Package marginnote Info: right page because not two side mode on input line 149
1.
Package marginnote Info: xpos seems to be 100.01144pt on input line 1491.
Package marginnote Info: Margin note 12.8 is on absolute page 12 on input line 
1493.
Package marginnote Info: right page because not two side mode on input line 149
3.
Package marginnote Info: xpos seems to be 100.01144pt on input line 1493.
Package marginnote Info: Margin note 12.9 is on absolute page 13 on input line 
1495.
Package marginnote Info: right page because not two side mode on input line 149
5.
Package marginnote Info: xpos seems to be 100.01144pt on input line 1495.
Package marginnote Info: Margin note 12.10 is on absolute page 13 on input line
 1497.
Package marginnote Info: right page because not two side mode on input line 149
7.
Package marginnote Info: xpos seems to be 100.01144pt on input line 1497.
Package marginnote Info: Margin note 12.11 is on absolute page 13 on input line
 1499.
Package marginnote Info: right page because not two side mode on input line 149
9.
Package marginnote Info: xpos seems to be 100.01144pt on input line 1499.
Package marginnote Info: Margin note 12.12 is on absolute page 13 on input line
 1501.
Package marginnote Info: right page because not two side mode on input line 150
1.
Package marginnote Info: xpos seems to be 100.01144pt on input line 1501.
Package marginnote Info: Margin note 12.13 is on absolute page 13 on input line
 1503.
Package marginnote Info: right page because not two side mode on input line 150
3.
Package marginnote Info: xpos seems to be 100.01144pt on input line 1503.
Package marginnote Info: Margin note 12.14 is on absolute page 13 on input line
 1505.
Package marginnote Info: right page because not two side mode on input line 150
5.
Package marginnote Info: xpos seems to be 100.01144pt on input line 1505.
Package marginnote Info: Margin note 12.15 is on absolute page 13 on input line
 1507.
Package marginnote Info: right page because not two side mode on input line 150
7.
Package marginnote Info: xpos seems to be 100.01144pt on input line 1507.
Package marginnote Info: Margin note 12.16 is on absolute page 13 on input line
 1509.
Package marginnote Info: right page because not two side mode on input line 150
9.
Package marginnote Info: xpos seems to be 100.01144pt on input line 1509.
 [12]
Package marginnote Info: Margin note 13.1 is on absolute page 13 on input line 
1514.
Package marginnote Info: right page because not two side mode on input line 151
4.
Package marginnote Info: xpos seems to be 103.08002pt on input line 1514.

Underfull \hbox (badness 10000) in paragraph at lines 1513--1515

 []

Package marginnote Info: Margin note 13.2 is on absolute page 13 on input line 
1516.
Package marginnote Info: right page because not two side mode on input line 151
6.
Package marginnote Info: xpos seems to be 100.01144pt on input line 1516.

Underfull \hbox (badness 10000) in paragraph at lines 1516--1517

 []

Package marginnote Info: Margin note 13.3 is on absolute page 13 on input line 
1533.
Package marginnote Info: right page because not two side mode on input line 153
3.
Package marginnote Info: xpos seems to be 100.01144pt on input line 1533.
Package marginnote Info: Margin note 13.4 is on absolute page 13 on input line 
1534.
Package marginnote Info: right page because not two side mode on input line 153
4.
Package marginnote Info: xpos seems to be 100.01144pt on input line 1534.
Package marginnote Info: Margin note 13.5 is on absolute page 13 on input line 
1535.
Package marginnote Info: right page because not two side mode on input line 153
5.
Package marginnote Info: xpos seems to be 100.01144pt on input line 1535.
Package marginnote Info: Margin note 13.6 is on absolute page 13 on input line 
1536.
Package marginnote Info: right page because not two side mode on input line 153
6.
Package marginnote Info: xpos seems to be 100.01144pt on input line 1536.
Package marginnote Info: Margin note 13.7 is on absolute page 13 on input line 
1537.
Package marginnote Info: right page because not two side mode on input line 153
7.
Package marginnote Info: xpos seems to be 100.01144pt on input line 1537.
Package marginnote Info: Margin note 13.8 is on absolute page 13 on input line 
1538.
Package marginnote Info: right page because not two side mode on input line 153
8.
Package marginnote Info: xpos seems to be 100.01144pt on input line 1538.
Package marginnote Info: Margin note 13.9 is on absolute page 13 on input line 
1539.
Package marginnote Info: right page because not two side mode on input line 153
9.
Package marginnote Info: xpos seems to be 100.01144pt on input line 1539.
Package marginnote Info: Margin note 13.10 is on absolute page 13 on input line
 1540.
Package marginnote Info: right page because not two side mode on input line 154
0.
Package marginnote Info: xpos seems to be 100.01144pt on input line 1540.
Package marginnote Info: Margin note 13.11 is on absolute page 13 on input line
 1541.
Package marginnote Info: right page because not two side mode on input line 154
1.
Package marginnote Info: xpos seems to be 100.01144pt on input line 1541.
Package marginnote Info: Margin note 13.12 is on absolute page 13 on input line
 1542.
Package marginnote Info: right page because not two side mode on input line 154
2.
Package marginnote Info: xpos seems to be 100.01144pt on input line 1542.
Package marginnote Info: Margin note 13.13 is on absolute page 13 on input line
 1543.
Package marginnote Info: right page because not two side mode on input line 154
3.
Package marginnote Info: xpos seems to be 100.01144pt on input line 1543.
Package marginnote Info: Margin note 13.14 is on absolute page 13 on input line
 1544.
Package marginnote Info: right page because not two side mode on input line 154
4.
Package marginnote Info: xpos seems to be 100.01144pt on input line 1544.
Package marginnote Info: Margin note 13.15 is on absolute page 14 on input line
 1546.
Package marginnote Info: right page because not two side mode on input line 154
6.
Package marginnote Info: xpos seems to be 100.01144pt on input line 1546.
Package marginnote Info: Margin note 13.16 is on absolute page 14 on input line
 1549.
Package marginnote Info: right page because not two side mode on input line 154
9.
Package marginnote Info: xpos seems to be 100.01144pt on input line 1549.
Package marginnote Info: Margin note 13.17 is on absolute page 14 on input line
 1550.
Package marginnote Info: right page because not two side mode on input line 155
0.
Package marginnote Info: xpos seems to be 100.01144pt on input line 1550.
Package marginnote Info: Margin note 13.18 is on absolute page 14 on input line
 1551.
Package marginnote Info: right page because not two side mode on input line 155
1.
Package marginnote Info: xpos seems to be 100.01144pt on input line 1551.
[13]
Package marginnote Info: Margin note 14.1 is on absolute page 14 on input line 
1554.
Package marginnote Info: right page because not two side mode on input line 155
4.
Package marginnote Info: xpos seems to be 100.01144pt on input line 1554.
Package marginnote Info: Margin note 14.2 is on absolute page 14 on input line 
1555.
Package marginnote Info: right page because not two side mode on input line 155
5.
Package marginnote Info: xpos seems to be 100.01144pt on input line 1555.
Package marginnote Info: Margin note 14.3 is on absolute page 14 on input line 
1556.
Package marginnote Info: right page because not two side mode on input line 155
6.
Package marginnote Info: xpos seems to be 100.01144pt on input line 1556.
Package marginnote Info: Margin note 14.4 is on absolute page 14 on input line 
1557.
Package marginnote Info: right page because not two side mode on input line 155
7.
Package marginnote Info: xpos seems to be 100.01144pt on input line 1557.
Package marginnote Info: Margin note 14.5 is on absolute page 14 on input line 
1558.
Package marginnote Info: right page because not two side mode on input line 155
8.
Package marginnote Info: xpos seems to be 100.01144pt on input line 1558.
Package marginnote Info: Margin note 14.6 is on absolute page 14 on input line 
1559.
Package marginnote Info: right page because not two side mode on input line 155
9.
Package marginnote Info: xpos seems to be 100.01144pt on input line 1559.
Package marginnote Info: Margin note 14.7 is on absolute page 14 on input line 
1560.
Package marginnote Info: right page because not two side mode on input line 156
0.
Package marginnote Info: xpos seems to be 100.01144pt on input line 1560.
Package marginnote Info: Margin note 14.8 is on absolute page 14 on input line 
1561.
Package marginnote Info: right page because not two side mode on input line 156
1.
Package marginnote Info: xpos seems to be 100.01144pt on input line 1561.
Package marginnote Info: Margin note 14.9 is on absolute page 14 on input line 
1562.
Package marginnote Info: right page because not two side mode on input line 156
2.
Package marginnote Info: xpos seems to be 100.01144pt on input line 1562.
Package marginnote Info: Margin note 14.10 is on absolute page 14 on input line
 1563.
Package marginnote Info: right page because not two side mode on input line 156
3.
Package marginnote Info: xpos seems to be 100.01144pt on input line 1563.
Package marginnote Info: Margin note 14.11 is on absolute page 14 on input line
 1564.
Package marginnote Info: right page because not two side mode on input line 156
4.
Package marginnote Info: xpos seems to be 100.01144pt on input line 1564.
Package marginnote Info: Margin note 14.12 is on absolute page 14 on input line
 1565.
Package marginnote Info: right page because not two side mode on input line 156
5.
Package marginnote Info: xpos seems to be 100.01144pt on input line 1565.
Package marginnote Info: Margin note 14.13 is on absolute page 14 on input line
 1566.
Package marginnote Info: right page because not two side mode on input line 156
6.
Package marginnote Info: xpos seems to be 100.01144pt on input line 1566.
Package marginnote Info: Margin note 14.14 is on absolute page 14 on input line
 1567.
Package marginnote Info: right page because not two side mode on input line 156
7.
Package marginnote Info: xpos seems to be 100.01144pt on input line 1567.
Package marginnote Info: Margin note 14.15 is on absolute page 14 on input line
 1568.
Package marginnote Info: right page because not two side mode on input line 156
8.
Package marginnote Info: xpos seems to be 100.01144pt on input line 1568.
Package marginnote Info: Margin note 14.16 is on absolute page 14 on input line
 1569.
Package marginnote Info: right page because not two side mode on input line 156
9.
Package marginnote Info: xpos seems to be 100.01144pt on input line 1569.
Package marginnote Info: Margin note 14.17 is on absolute page 14 on input line
 1570.
Package marginnote Info: right page because not two side mode on input line 157
0.
Package marginnote Info: xpos seems to be 100.01144pt on input line 1570.
Package marginnote Info: Margin note 14.18 is on absolute page 14 on input line
 1571.
Package marginnote Info: right page because not two side mode on input line 157
1.
Package marginnote Info: xpos seems to be 100.01144pt on input line 1571.
Package marginnote Info: Margin note 14.19 is on absolute page 14 on input line
 1572.
Package marginnote Info: right page because not two side mode on input line 157
2.
Package marginnote Info: xpos seems to be 100.01144pt on input line 1572.
Package marginnote Info: Margin note 14.20 is on absolute page 15 on input line
 1573.
Package marginnote Info: right page because not two side mode on input line 157
3.
Package marginnote Info: xpos seems to be 100.01144pt on input line 1573.
Package marginnote Info: Margin note 14.21 is on absolute page 15 on input line
 1574.
Package marginnote Info: right page because not two side mode on input line 157
4.
Package marginnote Info: xpos seems to be 100.01144pt on input line 1574.
Package marginnote Info: Margin note 14.22 is on absolute page 15 on input line
 1575.
Package marginnote Info: right page because not two side mode on input line 157
5.
Package marginnote Info: xpos seems to be 100.01144pt on input line 1575.
Package marginnote Info: Margin note 14.23 is on absolute page 15 on input line
 1576.
Package marginnote Info: right page because not two side mode on input line 157
6.
Package marginnote Info: xpos seems to be 100.01144pt on input line 1576.
Package marginnote Info: Margin note 14.24 is on absolute page 15 on input line
 1577.
Package marginnote Info: right page because not two side mode on input line 157
7.
Package marginnote Info: xpos seems to be 100.01144pt on input line 1577.
Package marginnote Info: Margin note 14.25 is on absolute page 15 on input line
 1578.
Package marginnote Info: right page because not two side mode on input line 157
8.
Package marginnote Info: xpos seems to be 100.01144pt on input line 1578.
Package marginnote Info: Margin note 14.26 is on absolute page 15 on input line
 1579.
Package marginnote Info: right page because not two side mode on input line 157
9.
Package marginnote Info: xpos seems to be 100.01144pt on input line 1579.
Package marginnote Info: Margin note 14.27 is on absolute page 15 on input line
 1580.
Package marginnote Info: right page because not two side mode on input line 158
0.
Package marginnote Info: xpos seems to be 100.01144pt on input line 1580.
Package marginnote Info: Margin note 14.28 is on absolute page 15 on input line
 1581.
Package marginnote Info: right page because not two side mode on input line 158
1.
Package marginnote Info: xpos seems to be 100.01144pt on input line 1581.
Package marginnote Info: Margin note 14.29 is on absolute page 15 on input line
 1582.
Package marginnote Info: right page because not two side mode on input line 158
2.
Package marginnote Info: xpos seems to be 100.01144pt on input line 1582.
Package marginnote Info: Margin note 14.30 is on absolute page 15 on input line
 1583.
Package marginnote Info: right page because not two side mode on input line 158
3.
Package marginnote Info: xpos seems to be 100.01144pt on input line 1583.
Package marginnote Info: Margin note 14.31 is on absolute page 15 on input line
 1584.
Package marginnote Info: right page because not two side mode on input line 158
4.
Package marginnote Info: xpos seems to be 100.01144pt on input line 1584.
Package marginnote Info: Margin note 14.32 is on absolute page 15 on input line
 1585.
Package marginnote Info: right page because not two side mode on input line 158
5.
Package marginnote Info: xpos seems to be 100.01144pt on input line 1585.
Package marginnote Info: Margin note 14.33 is on absolute page 15 on input line
 1586.
Package marginnote Info: right page because not two side mode on input line 158
6.
Package marginnote Info: xpos seems to be 100.01144pt on input line 1586.
Package marginnote Info: Margin note 14.34 is on absolute page 15 on input line
 1587.
Package marginnote Info: right page because not two side mode on input line 158
7.
Package marginnote Info: xpos seems to be 100.01144pt on input line 1587.
Package marginnote Info: Margin note 14.35 is on absolute page 15 on input line
 1588.
Package marginnote Info: right page because not two side mode on input line 158
8.
Package marginnote Info: xpos seems to be 100.01144pt on input line 1588.
Package marginnote Info: Margin note 14.36 is on absolute page 15 on input line
 1590.
Package marginnote Info: right page because not two side mode on input line 159
0.
Package marginnote Info: xpos seems to be 100.01144pt on input line 1590.
Package marginnote Info: Margin note 14.37 is on absolute page 15 on input line
 1591.
Package marginnote Info: right page because not two side mode on input line 159
1.
Package marginnote Info: xpos seems to be 100.01144pt on input line 1591.
Package marginnote Info: Margin note 14.38 is on absolute page 15 on input line
 1592.
Package marginnote Info: right page because not two side mode on input line 159
2.
Package marginnote Info: xpos seems to be 100.01144pt on input line 1592.
Package marginnote Info: Margin note 14.39 is on absolute page 15 on input line
 1593.
Package marginnote Info: right page because not two side mode on input line 159
3.
Package marginnote Info: xpos seems to be 100.01144pt on input line 1593.
Package marginnote Info: Margin note 14.40 is on absolute page 15 on input line
 1594.
Package marginnote Info: right page because not two side mode on input line 159
4.
Package marginnote Info: xpos seems to be 100.01144pt on input line 1594.
Package marginnote Info: Margin note 14.41 is on absolute page 15 on input line
 1595.
Package marginnote Info: right page because not two side mode on input line 159
5.
Package marginnote Info: xpos seems to be 100.01144pt on input line 1595.
Package marginnote Info: Margin note 14.42 is on absolute page 15 on input line
 1596.
Package marginnote Info: right page because not two side mode on input line 159
6.
Package marginnote Info: xpos seems to be 100.01144pt on input line 1596.
Package marginnote Info: Margin note 14.43 is on absolute page 16 on input line
 1597.
Package marginnote Info: right page because not two side mode on input line 159
7.
Package marginnote Info: xpos seems to be 100.01144pt on input line 1597.
Package marginnote Info: Margin note 14.44 is on absolute page 16 on input line
 1598.
Package marginnote Info: right page because not two side mode on input line 159
8.
Package marginnote Info: xpos seems to be 100.01144pt on input line 1598.
Package marginnote Info: Margin note 14.45 is on absolute page 16 on input line
 1599.
Package marginnote Info: right page because not two side mode on input line 159
9.
Package marginnote Info: xpos seems to be 100.01144pt on input line 1599.
Package marginnote Info: Margin note 14.46 is on absolute page 16 on input line
 1601.
Package marginnote Info: right page because not two side mode on input line 160
1.
Package marginnote Info: xpos seems to be 100.01144pt on input line 1601.
Package marginnote Info: Margin note 14.47 is on absolute page 16 on input line
 1602.
Package marginnote Info: right page because not two side mode on input line 160
2.
Package marginnote Info: xpos seems to be 100.01144pt on input line 1602.
Package marginnote Info: Margin note 14.48 is on absolute page 16 on input line
 1605.
Package marginnote Info: right page because not two side mode on input line 160
5.
Package marginnote Info: xpos seems to be 100.01144pt on input line 1605.
Package marginnote Info: Margin note 14.49 is on absolute page 16 on input line
 1606.
Package marginnote Info: right page because not two side mode on input line 160
6.
Package marginnote Info: xpos seems to be 100.01144pt on input line 1606.
Package marginnote Info: Margin note 14.50 is on absolute page 16 on input line
 1607.
Package marginnote Info: right page because not two side mode on input line 160
7.
Package marginnote Info: xpos seems to be 100.01144pt on input line 1607.
Package marginnote Info: Margin note 14.51 is on absolute page 16 on input line
 1608.
Package marginnote Info: right page because not two side mode on input line 160
8.
Package marginnote Info: xpos seems to be 100.01144pt on input line 1608.
Package marginnote Info: Margin note 14.52 is on absolute page 16 on input line
 1609.
Package marginnote Info: right page because not two side mode on input line 160
9.
Package marginnote Info: xpos seems to be 100.01144pt on input line 1609.
Package marginnote Info: Margin note 14.53 is on absolute page 16 on input line
 1610.
Package marginnote Info: right page because not two side mode on input line 161
0.
Package marginnote Info: xpos seems to be 100.01144pt on input line 1610.
Package marginnote Info: Margin note 14.54 is on absolute page 16 on input line
 1611.
Package marginnote Info: right page because not two side mode on input line 161
1.
Package marginnote Info: xpos seems to be 100.01144pt on input line 1611.
Package marginnote Info: Margin note 14.55 is on absolute page 16 on input line
 1612.
Package marginnote Info: right page because not two side mode on input line 161
2.
Package marginnote Info: xpos seems to be 100.01144pt on input line 1612.
Package marginnote Info: Margin note 14.56 is on absolute page 16 on input line
 1613.
Package marginnote Info: right page because not two side mode on input line 161
3.
Package marginnote Info: xpos seems to be 100.01144pt on input line 1613.
Package marginnote Info: Margin note 14.57 is on absolute page 16 on input line
 1615.
Package marginnote Info: right page because not two side mode on input line 161
5.
Package marginnote Info: xpos seems to be 100.01144pt on input line 1615.
Package marginnote Info: Margin note 14.58 is on absolute page 16 on input line
 1616.
Package marginnote Info: right page because not two side mode on input line 161
6.
Package marginnote Info: xpos seems to be 100.01144pt on input line 1616.
Package marginnote Info: Margin note 14.59 is on absolute page 16 on input line
 1617.
Package marginnote Info: right page because not two side mode on input line 161
7.
Package marginnote Info: xpos seems to be 100.01144pt on input line 1617.
Package marginnote Info: Margin note 14.60 is on absolute page 16 on input line
 1619.
Package marginnote Info: right page because not two side mode on input line 161
9.
Package marginnote Info: xpos seems to be 100.01144pt on input line 1619.
Package marginnote Info: Margin note 14.61 is on absolute page 16 on input line
 1622.
Package marginnote Info: right page because not two side mode on input line 162
2.
Package marginnote Info: xpos seems to be 100.01144pt on input line 1622.
Package marginnote Info: Margin note 14.62 is on absolute page 16 on input line
 1623.
Package marginnote Info: right page because not two side mode on input line 162
3.
Package marginnote Info: xpos seems to be 100.01144pt on input line 1623.
Package marginnote Info: Margin note 14.63 is on absolute page 16 on input line
 1624.
Package marginnote Info: right page because not two side mode on input line 162
4.
Package marginnote Info: xpos seems to be 100.01144pt on input line 1624.
Package marginnote Info: Margin note 14.64 is on absolute page 16 on input line
 1627.
Package marginnote Info: right page because not two side mode on input line 162
7.
Package marginnote Info: xpos seems to be 100.01144pt on input line 1627.
Package marginnote Info: Margin note 14.65 is on absolute page 16 on input line
 1630.
Package marginnote Info: right page because not two side mode on input line 163
0.
Package marginnote Info: xpos seems to be 100.01144pt on input line 1630.
Package marginnote Info: Margin note 14.66 is on absolute page 16 on input line
 1633.
Package marginnote Info: right page because not two side mode on input line 163
3.
Package marginnote Info: xpos seems to be 100.01144pt on input line 1633.
Package marginnote Info: Margin note 14.67 is on absolute page 16 on input line
 1636.
Package marginnote Info: right page because not two side mode on input line 163
6.
Package marginnote Info: xpos seems to be 100.01144pt on input line 1636.
Package marginnote Info: Margin note 14.68 is on absolute page 17 on input line
 1639.
Package marginnote Info: right page because not two side mode on input line 163
9.
Package marginnote Info: xpos seems to be 100.01144pt on input line 1639.
Package marginnote Info: Margin note 14.69 is on absolute page 17 on input line
 1642.
Package marginnote Info: right page because not two side mode on input line 164
2.
Package marginnote Info: xpos seems to be 100.01144pt on input line 1642.
 [14] [15] [16]
Package marginnote Info: Margin note 17.1 is on absolute page 17 on input line 
1655.
Package marginnote Info: right page because not two side mode on input line 165
5.
Package marginnote Info: xpos seems to be 100.01144pt on input line 1655.
Package marginnote Info: Margin note 17.2 is on absolute page 17 on input line 
1657.
Package marginnote Info: right page because not two side mode on input line 165
7.
Package marginnote Info: xpos seems to be 100.01144pt on input line 1657.
Package marginnote Info: Margin note 17.3 is on absolute page 17 on input line 
1658.
Package marginnote Info: right page because not two side mode on input line 165
8.
Package marginnote Info: xpos seems to be 100.01144pt on input line 1658.
Package marginnote Info: Margin note 17.4 is on absolute page 17 on input line 
1659.
Package marginnote Info: right page because not two side mode on input line 165
9.
Package marginnote Info: xpos seems to be 100.01144pt on input line 1659.
Package marginnote Info: Margin note 17.5 is on absolute page 17 on input line 
1661.
Package marginnote Info: right page because not two side mode on input line 166
1.
Package marginnote Info: xpos seems to be 100.01144pt on input line 1661.
Package marginnote Info: Margin note 17.6 is on absolute page 17 on input line 
1663.
Package marginnote Info: right page because not two side mode on input line 166
3.
Package marginnote Info: xpos seems to be 100.01144pt on input line 1663.
Package marginnote Info: Margin note 17.7 is on absolute page 17 on input line 
1673.
Package marginnote Info: right page because not two side mode on input line 167
3.
Package marginnote Info: xpos seems to be 100.01144pt on input line 1673.
Package marginnote Info: Margin note 17.8 is on absolute page 17 on input line 
1677.
Package marginnote Info: right page because not two side mode on input line 167
7.
Package marginnote Info: xpos seems to be 100.01144pt on input line 1677.
Package marginnote Info: Margin note 17.9 is on absolute page 17 on input line 
1678.
Package marginnote Info: right page because not two side mode on input line 167
8.
Package marginnote Info: xpos seems to be 100.01144pt on input line 1678.
Package marginnote Info: Margin note 17.10 is on absolute page 17 on input line
 1679.
Package marginnote Info: right page because not two side mode on input line 167
9.
Package marginnote Info: xpos seems to be 100.01144pt on input line 1679.
Package marginnote Info: Margin note 17.11 is on absolute page 17 on input line
 1680.
Package marginnote Info: right page because not two side mode on input line 168
0.
Package marginnote Info: xpos seems to be 100.01144pt on input line 1680.

Underfull \hbox (badness 10000) in paragraph at lines 1673--1681

 []

Package marginnote Info: Margin note 17.12 is on absolute page 17 on input line
 1686.
Package marginnote Info: right page because not two side mode on input line 168
6.
Package marginnote Info: xpos seems to be 100.01144pt on input line 1686.
Package marginnote Info: Margin note 17.13 is on absolute page 17 on input line
 1687.
Package marginnote Info: right page because not two side mode on input line 168
7.
Package marginnote Info: xpos seems to be 100.01144pt on input line 1687.
Package marginnote Info: Margin note 17.14 is on absolute page 17 on input line
 1688.
Package marginnote Info: right page because not two side mode on input line 168
8.
Package marginnote Info: xpos seems to be 100.01144pt on input line 1688.
Package marginnote Info: Margin note 17.15 is on absolute page 17 on input line
 1689.
Package marginnote Info: right page because not two side mode on input line 168
9.
Package marginnote Info: xpos seems to be 100.01144pt on input line 1689.
Package marginnote Info: Margin note 17.16 is on absolute page 17 on input line
 1690.
Package marginnote Info: right page because not two side mode on input line 169
0.
Package marginnote Info: xpos seems to be 100.01144pt on input line 1690.
Package marginnote Info: Margin note 17.17 is on absolute page 17 on input line
 1691.
Package marginnote Info: right page because not two side mode on input line 169
1.
Package marginnote Info: xpos seems to be 100.01144pt on input line 1691.
[17]
Package atveryend Info: Empty hook `BeforeClearDocument' on input line 1721.
 [18]
Package atveryend Info: Empty hook `AfterLastShipout' on input line 1721.
 (./bulbuliaCV.aux)
Package atveryend Info: Executing hook `AtVeryEndDocument' on input line 1721.
Package atveryend Info: Executing hook `AtEndAfterFileList' on input line 1721.

Package rerunfilecheck Info: File `bulbuliaCV.out' has not changed.
(rerunfilecheck)             Checksum: D41D8CD98F00B204E9800998ECF8427E;0.


LaTeX Warning: There were multiply-defined labels.

Package atveryend Info: Empty hook `AtVeryVeryEnd' on input line 1721.
 ) 
Here is how much of TeX's memory you used:
 9416 strings out of 481242
 146359 string characters out of 5918005
 499596 words of memory out of 5000000
 24180 multiletter control sequences out of 15000+600000
 548557 words of font info for 115 fonts, out of 8000000 for 9000
 1141 hyphenation exceptions out of 8191
 34i,9n,42p,513b,451s stack positions out of 5000i,500n,10000p,200000b,80000s
{/usr/local/texlive/2019/texmf-dist/fonts/enc/dvips/cm-super/cm-super-t1.enc}
</usr/local/texlive/2019/texmf-dist/fonts/type1/public/amsfonts/cm/cmmi5.pfb></
usr/local/texlive/2019/texmf-dist/fonts/type1/public/amsfonts/cm/cmmi7.pfb></us
r/local/texlive/2019/texmf-dist/fonts/type1/public/amsfonts/cm/cmmi9.pfb></usr/
local/texlive/2019/texmf-dist/fonts/type1/public/amsfonts/cm/cmr7.pfb></usr/loc
al/texlive/2019/texmf-dist/fonts/type1/public/amsfonts/cm/cmr9.pfb></usr/local/
texlive/2019/texmf-dist/fonts/type1/public/amsfonts/cm/cmsy7.pfb></usr/local/te
xlive/2019/texmf-dist/fonts/type1/public/amsfonts/cm/cmsy9.pfb></usr/local/texl
ive/2019/texmf-dist/fonts/type1/public/eurosym/feybr10.pfb></usr/local/texlive/
2019/texmf-dist/fonts/type1/public/cm-super/sfbx0900.pfb></usr/local/texlive/20
19/texmf-dist/fonts/type1/public/cm-super/sfbx1000.pfb></usr/local/texlive/2019
/texmf-dist/fonts/type1/public/cm-super/sfbx1200.pfb></usr/local/texlive/2019/t
exmf-dist/fonts/type1/public/cm-super/sfbx1440.pfb></usr/local/texlive/2019/tex
mf-dist/fonts/type1/public/cm-super/sfcc0900.pfb></usr/local/texlive/2019/texmf
-dist/fonts/type1/public/cm-super/sfrm0700.pfb></usr/local/texlive/2019/texmf-d
ist/fonts/type1/public/cm-super/sfrm0900.pfb></usr/local/texlive/2019/texmf-dis
t/fonts/type1/public/cm-super/sfti0900.pfb>
Output written on bulbuliaCV.pdf (18 pages, 303358 bytes).
PDF statistics:
 596 PDF objects out of 1000 (max. 8388607)
 554 compressed objects within 6 object streams
 203 named destinations out of 1000 (max. 500000)
 16897 words of extra memory for PDF output out of 17280 (max. 10000000)

