This is pdfTeX, Version 3.141592653-2.6-1.40.25 (TeX Live 2023) (preloaded format=pdflatex 2023.6.21)  8 SEP 2023 00:47
entering extended mode
 restricted \write18 enabled.
 file:line:error style messages enabled.
 %&-line parsing enabled.
**bulbuliaCV.tex
(./bulbuliaCV.tex
LaTeX2e <2022-11-01> patch level 1
L3 programming layer <2023-02-22>
(/usr/local/texlive/2023/texmf-dist/tex/latex/base/article.cls
Document Class: article 2023/05/17 v1.4n Standard LaTeX document class
(/usr/local/texlive/2023/texmf-dist/tex/latex/base/size10.clo
File: size10.clo 2023/05/17 v1.4n Standard LaTeX file (size option)
)
\c@part=\count185
\c@section=\count186
\c@subsection=\count187
\c@subsubsection=\count188
\c@paragraph=\count189
\c@subparagraph=\count190
\c@figure=\count191
\c@table=\count192
\abovecaptionskip=\skip48
\belowcaptionskip=\skip49
\bibindent=\dimen140
)
(/usr/local/texlive/2023/texmf-dist/tex/latex/base/inputenc.sty
Package: inputenc 2021/02/14 v1.3d Input encoding file
\inpenc@prehook=\toks16
\inpenc@posthook=\toks17
)
(/usr/local/texlive/2023/texmf-dist/tex/generic/babel/babel.sty
Package: babel 2023/08/29 v3.93 The Babel package
\babel@savecnt=\count193
\U@D=\dimen141
\l@unhyphenated=\language87

(/usr/local/texlive/2023/texmf-dist/tex/generic/babel/txtbabel.def)
\bbl@readstream=\read2
\bbl@dirlevel=\count194

(/usr/local/texlive/2023/texmf-dist/tex/generic/babel-english/english.ldf
Language: english 2017/06/06 v3.3r English support from the babel system
Package babel Info: Hyphen rules for 'canadian' set to \l@english
(babel)             (\language0). Reported on input line 102.
Package babel Info: Hyphen rules for 'australian' set to \l@ukenglish
(babel)             (\language21). Reported on input line 105.
Package babel Info: Hyphen rules for 'newzealand' set to \l@ukenglish
(babel)             (\language21). Reported on input line 108.
))
(/usr/local/texlive/2023/texmf-dist/tex/generic/babel/locale/en/babel-english.t
ex
Package babel Info: Importing font and identification data for english
(babel)             from babel-en.ini. Reported on input line 11.
) (/usr/local/texlive/2023/texmf-dist/tex/latex/xcolor/xcolor.sty
Package: xcolor 2022/06/12 v2.14 LaTeX color extensions (UK)

(/usr/local/texlive/2023/texmf-dist/tex/latex/graphics-cfg/color.cfg
File: color.cfg 2016/01/02 v1.6 sample color configuration
)
Package xcolor Info: Driver file: pdftex.def on input line 227.

(/usr/local/texlive/2023/texmf-dist/tex/latex/graphics-def/pdftex.def
File: pdftex.def 2022/09/22 v1.2b Graphics/color driver for pdftex
)
(/usr/local/texlive/2023/texmf-dist/tex/latex/graphics/mathcolor.ltx)
Package xcolor Info: Model `cmy' substituted by `cmy0' on input line 1353.
Package xcolor Info: Model `hsb' substituted by `rgb' on input line 1357.
Package xcolor Info: Model `RGB' extended on input line 1369.
Package xcolor Info: Model `HTML' substituted by `rgb' on input line 1371.
Package xcolor Info: Model `Hsb' substituted by `hsb' on input line 1372.
Package xcolor Info: Model `tHsb' substituted by `hsb' on input line 1373.
Package xcolor Info: Model `HSB' substituted by `hsb' on input line 1374.
Package xcolor Info: Model `Gray' substituted by `gray' on input line 1375.
Package xcolor Info: Model `wave' substituted by `hsb' on input line 1376.

(/usr/local/texlive/2023/texmf-dist/tex/latex/graphics/dvipsnam.def
File: dvipsnam.def 2016/06/17 v3.0m Driver-dependent file (DPC,SPQR)
))
(/usr/local/texlive/2023/texmf-dist/tex/latex/base/fontenc.sty
Package: fontenc 2021/04/29 v2.0v Standard LaTeX package
)
(/usr/local/texlive/2023/texmf-dist/tex/latex/eurosym/eurosym.sty
Package: eurosym 1998/08/06 v1.1 European currency symbol ``Euro''
\@eurobox=\box51
)
(/usr/local/texlive/2023/texmf-dist/tex/latex/geometry/geometry.sty
Package: geometry 2020/01/02 v5.9 Page Geometry

(/usr/local/texlive/2023/texmf-dist/tex/latex/graphics/keyval.sty
Package: keyval 2022/05/29 v1.15 key=value parser (DPC)
\KV@toks@=\toks18
)
(/usr/local/texlive/2023/texmf-dist/tex/generic/iftex/ifvtex.sty
Package: ifvtex 2019/10/25 v1.7 ifvtex legacy package. Use iftex instead.

(/usr/local/texlive/2023/texmf-dist/tex/generic/iftex/iftex.sty
Package: iftex 2022/02/03 v1.0f TeX engine tests
))
\Gm@cnth=\count195
\Gm@cntv=\count196
\c@Gm@tempcnt=\count197
\Gm@bindingoffset=\dimen142
\Gm@wd@mp=\dimen143
\Gm@odd@mp=\dimen144
\Gm@even@mp=\dimen145
\Gm@layoutwidth=\dimen146
\Gm@layoutheight=\dimen147
\Gm@layouthoffset=\dimen148
\Gm@layoutvoffset=\dimen149
\Gm@dimlist=\toks19
)
(/usr/local/texlive/2023/texmf-dist/tex/latex/marginnote/marginnote.sty
Package: marginnote 2018/08/09 v1.4b non floating margin notes for LaTeX
\c@mn@abspage=\count198
)
(/usr/local/texlive/2023/texmf-dist/tex/latex/sectsty/sectsty.sty
Package: sectsty 2002/02/25 v2.0.2 Commands to change all sectional heading sty
les


LaTeX Warning: Command \underbar  has changed.
               Check if current package is valid.


LaTeX Warning: Command \underline  has changed.
               Check if current package is valid.

) (/usr/local/texlive/2023/texmf-dist/tex/latex/graphics/graphicx.sty
Package: graphicx 2021/09/16 v1.2d Enhanced LaTeX Graphics (DPC,SPQR)

(/usr/local/texlive/2023/texmf-dist/tex/latex/graphics/graphics.sty
Package: graphics 2022/03/10 v1.4e Standard LaTeX Graphics (DPC,SPQR)

(/usr/local/texlive/2023/texmf-dist/tex/latex/graphics/trig.sty
Package: trig 2021/08/11 v1.11 sin cos tan (DPC)
)
(/usr/local/texlive/2023/texmf-dist/tex/latex/graphics-cfg/graphics.cfg
File: graphics.cfg 2016/06/04 v1.11 sample graphics configuration
)
Package graphics Info: Driver file: pdftex.def on input line 107.
)
\Gin@req@height=\dimen150
\Gin@req@width=\dimen151
)
(/usr/local/texlive/2023/texmf-dist/tex/latex/hyperref/hyperref.sty
Package: hyperref 2023-07-08 v7.01b Hypertext links for LaTeX

(/usr/local/texlive/2023/texmf-dist/tex/generic/ltxcmds/ltxcmds.sty
Package: ltxcmds 2020-05-10 v1.25 LaTeX kernel commands for general use (HO)
)
(/usr/local/texlive/2023/texmf-dist/tex/generic/pdftexcmds/pdftexcmds.sty
Package: pdftexcmds 2020-06-27 v0.33 Utility functions of pdfTeX for LuaTeX (HO
)

(/usr/local/texlive/2023/texmf-dist/tex/generic/infwarerr/infwarerr.sty
Package: infwarerr 2019/12/03 v1.5 Providing info/warning/error messages (HO)
)
Package pdftexcmds Info: \pdf@primitive is available.
Package pdftexcmds Info: \pdf@ifprimitive is available.
Package pdftexcmds Info: \pdfdraftmode found.
)
(/usr/local/texlive/2023/texmf-dist/tex/latex/kvsetkeys/kvsetkeys.sty
Package: kvsetkeys 2022-10-05 v1.19 Key value parser (HO)
)
(/usr/local/texlive/2023/texmf-dist/tex/generic/kvdefinekeys/kvdefinekeys.sty
Package: kvdefinekeys 2019-12-19 v1.6 Define keys (HO)
)
(/usr/local/texlive/2023/texmf-dist/tex/generic/pdfescape/pdfescape.sty
Package: pdfescape 2019/12/09 v1.15 Implements pdfTeX's escape features (HO)
)
(/usr/local/texlive/2023/texmf-dist/tex/latex/hycolor/hycolor.sty
Package: hycolor 2020-01-27 v1.10 Color options for hyperref/bookmark (HO)
)
(/usr/local/texlive/2023/texmf-dist/tex/latex/letltxmacro/letltxmacro.sty
Package: letltxmacro 2019/12/03 v1.6 Let assignment for LaTeX macros (HO)
)
(/usr/local/texlive/2023/texmf-dist/tex/latex/auxhook/auxhook.sty
Package: auxhook 2019-12-17 v1.6 Hooks for auxiliary files (HO)
)
(/usr/local/texlive/2023/texmf-dist/tex/latex/hyperref/nameref.sty
Package: nameref 2023-08-07 v2.53 Cross-referencing by name of section

(/usr/local/texlive/2023/texmf-dist/tex/latex/refcount/refcount.sty
Package: refcount 2019/12/15 v3.6 Data extraction from label references (HO)
)
(/usr/local/texlive/2023/texmf-dist/tex/generic/gettitlestring/gettitlestring.s
ty
Package: gettitlestring 2019/12/15 v1.6 Cleanup title references (HO)
 (/usr/local/texlive/2023/texmf-dist/tex/latex/kvoptions/kvoptions.sty
Package: kvoptions 2022-06-15 v3.15 Key value format for package options (HO)
))
\c@section@level=\count199
)
(/usr/local/texlive/2023/texmf-dist/tex/latex/etoolbox/etoolbox.sty
Package: etoolbox 2020/10/05 v2.5k e-TeX tools for LaTeX (JAW)
\etb@tempcnta=\count266
)
\@linkdim=\dimen152
\Hy@linkcounter=\count267
\Hy@pagecounter=\count268

(/usr/local/texlive/2023/texmf-dist/tex/latex/hyperref/pd1enc.def
File: pd1enc.def 2023-07-08 v7.01b Hyperref: PDFDocEncoding definition (HO)
Now handling font encoding PD1 ...
... no UTF-8 mapping file for font encoding PD1
)
(/usr/local/texlive/2023/texmf-dist/tex/generic/intcalc/intcalc.sty
Package: intcalc 2019/12/15 v1.3 Expandable calculations with integers (HO)
)
\Hy@SavedSpaceFactor=\count269

(/usr/local/texlive/2023/texmf-dist/tex/latex/hyperref/puenc.def
File: puenc.def 2023-07-08 v7.01b Hyperref: PDF Unicode definition (HO)
Now handling font encoding PU ...
... no UTF-8 mapping file for font encoding PU
)
Package hyperref Info: Hyper figures OFF on input line 4167.
Package hyperref Info: Link nesting OFF on input line 4172.
Package hyperref Info: Hyper index ON on input line 4175.
Package hyperref Info: Plain pages OFF on input line 4182.
Package hyperref Info: Backreferencing OFF on input line 4187.
Package hyperref Info: Implicit mode ON; LaTeX internals redefined.
Package hyperref Info: Bookmarks ON on input line 4434.
\c@Hy@tempcnt=\count270

(/usr/local/texlive/2023/texmf-dist/tex/latex/url/url.sty
\Urlmuskip=\muskip16
Package: url 2013/09/16  ver 3.4  Verb mode for urls, etc.
)
LaTeX Info: Redefining \url on input line 4772.
\XeTeXLinkMargin=\dimen153

(/usr/local/texlive/2023/texmf-dist/tex/generic/bitset/bitset.sty
Package: bitset 2019/12/09 v1.3 Handle bit-vector datatype (HO)

(/usr/local/texlive/2023/texmf-dist/tex/generic/bigintcalc/bigintcalc.sty
Package: bigintcalc 2019/12/15 v1.5 Expandable calculations on big integers (HO
)
))
\Fld@menulength=\count271
\Field@Width=\dimen154
\Fld@charsize=\dimen155
Package hyperref Info: Hyper figures OFF on input line 6051.
Package hyperref Info: Link nesting OFF on input line 6056.
Package hyperref Info: Hyper index ON on input line 6059.
Package hyperref Info: backreferencing OFF on input line 6066.
Package hyperref Info: Link coloring OFF on input line 6071.
Package hyperref Info: Link coloring with OCG OFF on input line 6076.
Package hyperref Info: PDF/A mode OFF on input line 6081.

(/usr/local/texlive/2023/texmf-dist/tex/latex/base/atbegshi-ltx.sty
Package: atbegshi-ltx 2021/01/10 v1.0c Emulation of the original atbegshi
package with kernel methods
)
\Hy@abspage=\count272
\c@Item=\count273
\c@Hfootnote=\count274
)
Package hyperref Info: Driver (autodetected): hpdftex.

(/usr/local/texlive/2023/texmf-dist/tex/latex/hyperref/hpdftex.def
File: hpdftex.def 2023-07-08 v7.01b Hyperref driver for pdfTeX

(/usr/local/texlive/2023/texmf-dist/tex/latex/base/atveryend-ltx.sty
Package: atveryend-ltx 2020/08/19 v1.0a Emulation of the original atveryend pac
kage
with kernel methods
)
\Fld@listcount=\count275
\c@bookmark@seq@number=\count276

(/usr/local/texlive/2023/texmf-dist/tex/latex/rerunfilecheck/rerunfilecheck.sty
Package: rerunfilecheck 2022-07-10 v1.10 Rerun checks for auxiliary files (HO)

(/usr/local/texlive/2023/texmf-dist/tex/generic/uniquecounter/uniquecounter.sty
Package: uniquecounter 2019/12/15 v1.4 Provide unlimited unique counter (HO)
)
Package uniquecounter Info: New unique counter `rerunfilecheck' on input line 2
85.
)
\Hy@SectionHShift=\skip50
)
Package hyperref Info: Option `colorlinks' set `true' on input line 55.
 (/usr/local/texlive/2023/texmf-dist/tex/latex/mdwtools/mdwlist.sty
Package: mdwlist 1996/05/02 1.1 Various list-related things
)
(/usr/local/texlive/2023/texmf-dist/tex/latex/microtype/microtype.sty
Package: microtype 2023/03/13 v3.1a Micro-typographical refinements (RS)
\MT@toks=\toks20
\MT@tempbox=\box52
\MT@count=\count277
LaTeX Info: Redefining \noprotrusionifhmode on input line 1059.
LaTeX Info: Redefining \leftprotrusion on input line 1060.
\MT@prot@toks=\toks21
LaTeX Info: Redefining \rightprotrusion on input line 1078.
LaTeX Info: Redefining \textls on input line 1368.
\MT@outer@kern=\dimen156
LaTeX Info: Redefining \textmicrotypecontext on input line 1988.
\MT@listname@count=\count278

(/usr/local/texlive/2023/texmf-dist/tex/latex/microtype/microtype-pdftex.def
File: microtype-pdftex.def 2023/03/13 v3.1a Definitions specific to pdftex (RS)

LaTeX Info: Redefining \lsstyle on input line 902.
LaTeX Info: Redefining \lslig on input line 902.
\MT@outer@space=\skip51
)
Package microtype Info: Loading configuration file microtype.cfg.

(/usr/local/texlive/2023/texmf-dist/tex/latex/microtype/microtype.cfg
File: microtype.cfg 2023/03/13 v3.1a microtype main configuration file (RS)
))
(/usr/local/texlive/2023/texmf-dist/tex/latex/tools/enumerate.sty
Package: enumerate 2015/07/23 v3.00 enumerate extensions (DPC)
\@enLab=\toks22
)
(/usr/local/texlive/2023/texmf-dist/tex/latex/setspace/setspace.sty
Package: setspace 2022/12/04 v6.7b set line spacing
)
(/usr/local/texlive/2023/texmf-dist/tex/latex/amsmath/amsmath.sty
Package: amsmath 2023/05/13 v2.17o AMS math features
\@mathmargin=\skip52

For additional information on amsmath, use the `?' option.
(/usr/local/texlive/2023/texmf-dist/tex/latex/amsmath/amstext.sty
Package: amstext 2021/08/26 v2.01 AMS text

(/usr/local/texlive/2023/texmf-dist/tex/latex/amsmath/amsgen.sty
File: amsgen.sty 1999/11/30 v2.0 generic functions
\@emptytoks=\toks23
\ex@=\dimen157
))
(/usr/local/texlive/2023/texmf-dist/tex/latex/amsmath/amsbsy.sty
Package: amsbsy 1999/11/29 v1.2d Bold Symbols
\pmbraise@=\dimen158
)
(/usr/local/texlive/2023/texmf-dist/tex/latex/amsmath/amsopn.sty
Package: amsopn 2022/04/08 v2.04 operator names
)
\inf@bad=\count279
LaTeX Info: Redefining \frac on input line 234.
\uproot@=\count280
\leftroot@=\count281
LaTeX Info: Redefining \overline on input line 399.
LaTeX Info: Redefining \colon on input line 410.
\classnum@=\count282
\DOTSCASE@=\count283
LaTeX Info: Redefining \ldots on input line 496.
LaTeX Info: Redefining \dots on input line 499.
LaTeX Info: Redefining \cdots on input line 620.
\Mathstrutbox@=\box53
\strutbox@=\box54
LaTeX Info: Redefining \big on input line 722.
LaTeX Info: Redefining \Big on input line 723.
LaTeX Info: Redefining \bigg on input line 724.
LaTeX Info: Redefining \Bigg on input line 725.
\big@size=\dimen159
LaTeX Font Info:    Redeclaring font encoding OML on input line 743.
LaTeX Font Info:    Redeclaring font encoding OMS on input line 744.
\macc@depth=\count284
LaTeX Info: Redefining \bmod on input line 905.
LaTeX Info: Redefining \pmod on input line 910.
LaTeX Info: Redefining \smash on input line 940.
LaTeX Info: Redefining \relbar on input line 970.
LaTeX Info: Redefining \Relbar on input line 971.
\c@MaxMatrixCols=\count285
\dotsspace@=\muskip17
\c@parentequation=\count286
\dspbrk@lvl=\count287
\tag@help=\toks24
\row@=\count288
\column@=\count289
\maxfields@=\count290
\andhelp@=\toks25
\eqnshift@=\dimen160
\alignsep@=\dimen161
\tagshift@=\dimen162
\tagwidth@=\dimen163
\totwidth@=\dimen164
\lineht@=\dimen165
\@envbody=\toks26
\multlinegap=\skip53
\multlinetaggap=\skip54
\mathdisplay@stack=\toks27
LaTeX Info: Redefining \[ on input line 2953.
LaTeX Info: Redefining \] on input line 2954.
)
(/usr/local/texlive/2023/texmf-dist/tex/latex/l3backend/l3backend-pdftex.def
File: l3backend-pdftex.def 2023-04-19 L3 backend support: PDF output (pdfTeX)
\l__color_backend_stack_int=\count291
\l__pdf_internal_box=\box55
)
(./bulbuliaCV.aux

LaTeX Warning: Label `this' multiply defined.


LaTeX Warning: Label `this' multiply defined.


LaTeX Warning: Label `doi:0' multiply defined.


LaTeX Warning: Label `doi:0' multiply defined.


LaTeX Warning: Label `doi:0' multiply defined.


LaTeX Warning: Label `Satherley:2015' multiply defined.

)
\openout1 = `bulbuliaCV.aux'.

LaTeX Font Info:    Checking defaults for OML/cmm/m/it on input line 82.
LaTeX Font Info:    ... okay on input line 82.
LaTeX Font Info:    Checking defaults for OMS/cmsy/m/n on input line 82.
LaTeX Font Info:    ... okay on input line 82.
LaTeX Font Info:    Checking defaults for OT1/cmr/m/n on input line 82.
LaTeX Font Info:    ... okay on input line 82.
LaTeX Font Info:    Checking defaults for T1/cmr/m/n on input line 82.
LaTeX Font Info:    ... okay on input line 82.
LaTeX Font Info:    Checking defaults for TS1/cmr/m/n on input line 82.
LaTeX Font Info:    ... okay on input line 82.
LaTeX Font Info:    Checking defaults for OMX/cmex/m/n on input line 82.
LaTeX Font Info:    ... okay on input line 82.
LaTeX Font Info:    Checking defaults for U/cmr/m/n on input line 82.
LaTeX Font Info:    ... okay on input line 82.
LaTeX Font Info:    Checking defaults for PD1/pdf/m/n on input line 82.
LaTeX Font Info:    ... okay on input line 82.
LaTeX Font Info:    Checking defaults for PU/pdf/m/n on input line 82.
LaTeX Font Info:    ... okay on input line 82.
 (/usr/local/texlive/2023/texmf-dist/tex/context/base/mkii/supp-pdf.mkii
[Loading MPS to PDF converter (version 2006.09.02).]
\scratchcounter=\count292
\scratchdimen=\dimen166
\scratchbox=\box56
\nofMPsegments=\count293
\nofMParguments=\count294
\everyMPshowfont=\toks28
\MPscratchCnt=\count295
\MPscratchDim=\dimen167
\MPnumerator=\count296
\makeMPintoPDFobject=\count297
\everyMPtoPDFconversion=\toks29
) (/usr/local/texlive/2023/texmf-dist/tex/latex/epstopdf-pkg/epstopdf-base.sty
Package: epstopdf-base 2020-01-24 v2.11 Base part for package epstopdf

(/usr/local/texlive/2023/texmf-dist/tex/latex/grfext/grfext.sty
Package: grfext 2019/12/03 v1.3 Manage graphics extensions (HO)
)
Package epstopdf-base Info: Redefining graphics rule for `.eps' on input line 4
85.
Package grfext Info: Graphics extension search list:
(grfext)             [.pdf,.png,.jpg,.mps,.jpeg,.jbig2,.jb2,.PDF,.PNG,.JPG,.JPE
G,.JBIG2,.JB2,.eps]
(grfext)             \AppendGraphicsExtensions on input line 504.

(/usr/local/texlive/2023/texmf-dist/tex/latex/latexconfig/epstopdf-sys.cfg
File: epstopdf-sys.cfg 2010/07/13 v1.3 Configuration of (r)epstopdf for TeX Liv
e
))
*geometry* driver: auto-detecting
*geometry* detected driver: pdftex
*geometry* verbose mode - [ preamble ] result:
* driver: pdftex
* paper: a4paper
* layout: <same size as paper>
* layoutoffset:(h,v)=(0.0pt,0.0pt)
* modes: 
* h-part:(L,W,R)=(100.01144pt, 397.48499pt, 100.01144pt)
* v-part:(T,H,B)=(92.30072pt, 614.295pt, 138.45113pt)
* \paperwidth=597.50787pt
* \paperheight=845.04684pt
* \textwidth=397.48499pt
* \textheight=614.295pt
* \oddsidemargin=27.74146pt
* \evensidemargin=27.74146pt
* \topmargin=-16.96927pt
* \headheight=12.0pt
* \headsep=25.0pt
* \topskip=10.0pt
* \footskip=30.0pt
* \marginparwidth=43.36243pt
* \marginparsep=7.0pt
* \columnsep=10.0pt
* \skip\footins=9.0pt plus 4.0pt minus 2.0pt
* \hoffset=0.0pt
* \voffset=0.0pt
* \mag=1000
* \@twocolumnfalse
* \@twosidefalse
* \@mparswitchfalse
* \@reversemargintrue
* (1in=72.27pt=25.4mm, 1cm=28.453pt)

Package hyperref Info: Link coloring ON on input line 82.
(./bulbuliaCV.out) (./bulbuliaCV.out)
\@outlinefile=\write3
\openout3 = `bulbuliaCV.out'.

LaTeX Info: Redefining \microtypecontext on input line 82.
Package microtype Info: Applying patch `item' on input line 82.
Package microtype Info: Applying patch `toc' on input line 82.
Package microtype Info: Applying patch `eqnum' on input line 82.


Package microtype Warning: Unable to apply patch `footnote' on input line 82.

Package microtype Info: Applying patch `verbatim' on input line 82.
Package microtype Info: Generating PDF output.
Package microtype Info: Character protrusion enabled (level 2).
Package microtype Info: Using default protrusion set `alltext'.
Package microtype Info: Automatic font expansion enabled (level 2),
(microtype)             stretch: 20, shrink: 20, step: 1, non-selected.
Package microtype Info: Using default expansion set `alltext-nott'.
LaTeX Info: Redefining \showhyphens on input line 82.
Package microtype Info: No adjustment of tracking.
Package microtype Info: No adjustment of interword spacing.
Package microtype Info: No adjustment of character kerning.
(/usr/local/texlive/2023/texmf-dist/tex/latex/microtype/mt-cmr.cfg
File: mt-cmr.cfg 2013/05/19 v2.2 microtype config. file: Computer Modern Roman 
(RS)
)
Package marginnote Info: Margin note 1.1 is on absolute page 1 on input line 10
8.
Package marginnote Info: right page because not two side mode on input line 108
.
Package marginnote Info: xpos seems to be 100.01144pt on input line 108.
Package marginnote Info: Margin note 1.2 is on absolute page 1 on input line 10
9.
Package marginnote Info: right page because not two side mode on input line 109
.
Package marginnote Info: xpos seems to be 100.01144pt on input line 109.
Package marginnote Info: Margin note 1.3 is on absolute page 1 on input line 11
0.
Package marginnote Info: right page because not two side mode on input line 110
.
Package marginnote Info: xpos seems to be 100.01144pt on input line 110.
Package marginnote Info: Margin note 1.4 is on absolute page 1 on input line 11
7.
Package marginnote Info: right page because not two side mode on input line 117
.
Package marginnote Info: xpos seems to be 100.01144pt on input line 117.
Package marginnote Info: Margin note 1.5 is on absolute page 1 on input line 11
8.
Package marginnote Info: right page because not two side mode on input line 118
.
Package marginnote Info: xpos seems to be 100.01144pt on input line 118.
Package marginnote Info: Margin note 1.6 is on absolute page 1 on input line 11
9.
Package marginnote Info: right page because not two side mode on input line 119
.
Package marginnote Info: xpos seems to be 100.01144pt on input line 119.
Package marginnote Info: Margin note 1.7 is on absolute page 1 on input line 12
0.
Package marginnote Info: right page because not two side mode on input line 120
.
Package marginnote Info: xpos seems to be 100.01144pt on input line 120.

Underfull \hbox (badness 10000) in paragraph at lines 116--122

 []

Package marginnote Info: Margin note 1.8 is on absolute page 1 on input line 12
5.
Package marginnote Info: right page because not two side mode on input line 125
.
Package marginnote Info: xpos seems to be 100.01144pt on input line 125.
Package marginnote Info: Margin note 1.9 is on absolute page 1 on input line 12
6.
Package marginnote Info: right page because not two side mode on input line 126
.
Package marginnote Info: xpos seems to be 100.01144pt on input line 126.
Package marginnote Info: Margin note 1.10 is on absolute page 1 on input line 1
27.
Package marginnote Info: right page because not two side mode on input line 127
.
Package marginnote Info: xpos seems to be 100.01144pt on input line 127.
Package marginnote Info: Margin note 1.11 is on absolute page 1 on input line 1
28.
Package marginnote Info: right page because not two side mode on input line 128
.
Package marginnote Info: xpos seems to be 100.01144pt on input line 128.
Package marginnote Info: Margin note 1.12 is on absolute page 1 on input line 1
29.
Package marginnote Info: right page because not two side mode on input line 129
.
Package marginnote Info: xpos seems to be 104.12155pt on input line 129.
Package marginnote Info: Margin note 1.13 is on absolute page 1 on input line 1
30.
Package marginnote Info: right page because not two side mode on input line 130
.
Package marginnote Info: xpos seems to be 100.01144pt on input line 130.
Package marginnote Info: Margin note 1.14 is on absolute page 1 on input line 1
31.
Package marginnote Info: right page because not two side mode on input line 131
.
Package marginnote Info: xpos seems to be 100.01144pt on input line 131.
Package marginnote Info: Margin note 1.15 is on absolute page 1 on input line 1
32.
Package marginnote Info: right page because not two side mode on input line 132
.
Package marginnote Info: xpos seems to be 100.01144pt on input line 132.
Package marginnote Info: Margin note 1.16 is on absolute page 1 on input line 1
33.
Package marginnote Info: right page because not two side mode on input line 133
.
Package marginnote Info: xpos seems to be 100.01144pt on input line 133.
Package marginnote Info: Margin note 1.17 is on absolute page 1 on input line 1
34.
Package marginnote Info: right page because not two side mode on input line 134
.
Package marginnote Info: xpos seems to be 100.01144pt on input line 134.
Package marginnote Info: Margin note 1.18 is on absolute page 1 on input line 1
35.
Package marginnote Info: right page because not two side mode on input line 135
.
Package marginnote Info: xpos seems to be 100.01144pt on input line 135.
Package marginnote Info: Margin note 1.19 is on absolute page 1 on input line 1
36.
Package marginnote Info: right page because not two side mode on input line 136
.
Package marginnote Info: xpos seems to be 100.01144pt on input line 136.
Package marginnote Info: Margin note 1.20 is on absolute page 1 on input line 1
37.
Package marginnote Info: right page because not two side mode on input line 137
.
Package marginnote Info: xpos seems to be 100.01144pt on input line 137.
Package marginnote Info: Margin note 1.21 is on absolute page 1 on input line 1
38.
Package marginnote Info: right page because not two side mode on input line 138
.
Package marginnote Info: xpos seems to be 100.01144pt on input line 138.
Package marginnote Info: Margin note 1.22 is on absolute page 1 on input line 1
39.
Package marginnote Info: right page because not two side mode on input line 139
.
Package marginnote Info: xpos seems to be 100.01144pt on input line 139.
Package marginnote Info: Margin note 1.23 is on absolute page 1 on input line 1
40.
Package marginnote Info: right page because not two side mode on input line 140
.
Package marginnote Info: xpos seems to be 100.01144pt on input line 140.
Package marginnote Info: Margin note 1.24 is on absolute page 1 on input line 1
41.
Package marginnote Info: right page because not two side mode on input line 141
.
Package marginnote Info: xpos seems to be 100.01144pt on input line 141.
Package marginnote Info: Margin note 1.25 is on absolute page 1 on input line 1
43.
Package marginnote Info: right page because not two side mode on input line 143
.
Package marginnote Info: xpos seems to be 100.01144pt on input line 143.
Package marginnote Info: Margin note 1.26 is on absolute page 1 on input line 1
44.
Package marginnote Info: right page because not two side mode on input line 144
.
Package marginnote Info: xpos seems to be 100.01144pt on input line 144.
Package marginnote Info: Margin note 1.27 is on absolute page 2 on input line 1
45.
Package marginnote Info: right page because not two side mode on input line 145
.
Package marginnote Info: xpos seems to be 100.01144pt on input line 145.
Package marginnote Info: Margin note 1.28 is on absolute page 2 on input line 1
46.
Package marginnote Info: right page because not two side mode on input line 146
.
Package marginnote Info: xpos seems to be 100.01144pt on input line 146.
Package marginnote Info: Margin note 1.29 is on absolute page 2 on input line 1
47.
Package marginnote Info: right page because not two side mode on input line 147
.
Package marginnote Info: xpos seems to be 100.01144pt on input line 147.
Package marginnote Info: Margin note 1.30 is on absolute page 2 on input line 1
48.
Package marginnote Info: right page because not two side mode on input line 148
.
Package marginnote Info: xpos seems to be 100.01144pt on input line 148.
[1

{/usr/local/texlive/2023/texmf-var/fonts/map/pdftex/updmap/pdftex.map}{/usr/loc
al/texlive/2023/texmf-dist/fonts/enc/dvips/cm-super/cm-super-t1.enc}]
Package marginnote Info: Margin note 2.1 is on absolute page 2 on input line 15
2.
Package marginnote Info: right page because not two side mode on input line 152
.
Package marginnote Info: xpos seems to be 100.01144pt on input line 152.
Package marginnote Info: Margin note 2.2 is on absolute page 2 on input line 15
3.
Package marginnote Info: right page because not two side mode on input line 153
.
Package marginnote Info: xpos seems to be 100.01144pt on input line 153.
Package marginnote Info: Margin note 2.3 is on absolute page 2 on input line 15
4.
Package marginnote Info: right page because not two side mode on input line 154
.
Package marginnote Info: xpos seems to be 100.01144pt on input line 154.
Package marginnote Info: Margin note 2.4 is on absolute page 2 on input line 15
5.
Package marginnote Info: right page because not two side mode on input line 155
.
Package marginnote Info: xpos seems to be 100.01144pt on input line 155.
Package marginnote Info: Margin note 2.5 is on absolute page 2 on input line 15
6.
Package marginnote Info: right page because not two side mode on input line 156
.
Package marginnote Info: xpos seems to be 100.01144pt on input line 156.
Package marginnote Info: Margin note 2.6 is on absolute page 2 on input line 15
7.
Package marginnote Info: right page because not two side mode on input line 157
.
Package marginnote Info: xpos seems to be 100.01144pt on input line 157.

Underfull \hbox (badness 10000) in paragraph at lines 152--158

 []

Package marginnote Info: Margin note 2.7 is on absolute page 2 on input line 17
9.
Package marginnote Info: right page because not two side mode on input line 179
.
Package marginnote Info: xpos seems to be 100.01144pt on input line 179.
Package marginnote Info: Margin note 2.8 is on absolute page 2 on input line 18
0.
Package marginnote Info: right page because not two side mode on input line 180
.
Package marginnote Info: xpos seems to be 100.01144pt on input line 180.
Package marginnote Info: Margin note 2.9 is on absolute page 2 on input line 18
1.
Package marginnote Info: right page because not two side mode on input line 181
.
Package marginnote Info: xpos seems to be 100.01144pt on input line 181.
Package marginnote Info: Margin note 2.10 is on absolute page 2 on input line 1
82.
Package marginnote Info: right page because not two side mode on input line 182
.
Package marginnote Info: xpos seems to be 100.01144pt on input line 182.
Package marginnote Info: Margin note 2.11 is on absolute page 2 on input line 1
83.
Package marginnote Info: right page because not two side mode on input line 183
.
Package marginnote Info: xpos seems to be 100.01144pt on input line 183.
Package marginnote Info: Margin note 2.12 is on absolute page 2 on input line 1
84.
Package marginnote Info: right page because not two side mode on input line 184
.
Package marginnote Info: xpos seems to be 100.01144pt on input line 184.
Package marginnote Info: Margin note 2.13 is on absolute page 2 on input line 1
85.
Package marginnote Info: right page because not two side mode on input line 185
.
Package marginnote Info: xpos seems to be 100.01144pt on input line 185.
Package marginnote Info: Margin note 2.14 is on absolute page 2 on input line 1
87.
Package marginnote Info: right page because not two side mode on input line 187
.
Package marginnote Info: xpos seems to be 100.01144pt on input line 187.
Package marginnote Info: Margin note 2.15 is on absolute page 2 on input line 1
89.
Package marginnote Info: right page because not two side mode on input line 189
.
Package marginnote Info: xpos seems to be 100.01144pt on input line 189.
Package marginnote Info: Margin note 2.16 is on absolute page 2 on input line 1
91.
Package marginnote Info: right page because not two side mode on input line 191
.
Package marginnote Info: xpos seems to be 218.79463pt on input line 191.
Package marginnote Info: Margin note 2.17 is on absolute page 2 on input line 1
92.
Package marginnote Info: right page because not two side mode on input line 192
.
Package marginnote Info: xpos seems to be 100.01144pt on input line 192.
Package marginnote Info: Margin note 2.18 is on absolute page 2 on input line 1
97.
Package marginnote Info: right page because not two side mode on input line 197
.
Package marginnote Info: xpos seems to be 100.01144pt on input line 197.
Package marginnote Info: Margin note 2.19 is on absolute page 2 on input line 1
98.
Package marginnote Info: right page because not two side mode on input line 198
.
Package marginnote Info: xpos seems to be 100.01144pt on input line 198.
Package marginnote Info: Margin note 2.20 is on absolute page 3 on input line 1
99.
Package marginnote Info: right page because not two side mode on input line 199
.
Package marginnote Info: xpos seems to be 100.01144pt on input line 199.
Package marginnote Info: Margin note 2.21 is on absolute page 3 on input line 2
00.
Package marginnote Info: right page because not two side mode on input line 200
.
Package marginnote Info: xpos seems to be 100.01144pt on input line 200.
Package marginnote Info: Margin note 2.22 is on absolute page 3 on input line 2
01.
Package marginnote Info: right page because not two side mode on input line 201
.
Package marginnote Info: xpos seems to be 100.01144pt on input line 201.
Package marginnote Info: Margin note 2.23 is on absolute page 3 on input line 2
02.
Package marginnote Info: right page because not two side mode on input line 202
.
Package marginnote Info: xpos seems to be 100.01144pt on input line 202.
Package marginnote Info: Margin note 2.24 is on absolute page 3 on input line 2
03.
Package marginnote Info: right page because not two side mode on input line 203
.
Package marginnote Info: xpos seems to be 100.01144pt on input line 203.
Package marginnote Info: Margin note 2.25 is on absolute page 3 on input line 2
04.
Package marginnote Info: right page because not two side mode on input line 204
.
Package marginnote Info: xpos seems to be 100.01144pt on input line 204.
Package marginnote Info: Margin note 2.26 is on absolute page 3 on input line 2
06.
Package marginnote Info: right page because not two side mode on input line 206
.
Package marginnote Info: xpos seems to be 100.01144pt on input line 206.

Underfull \hbox (badness 10000) in paragraph at lines 197--208

 []

[2]
Package marginnote Info: Margin note 3.1 is on absolute page 3 on input line 20
9.
Package marginnote Info: right page because not two side mode on input line 209
.
Package marginnote Info: xpos seems to be 100.01144pt on input line 209.
Package marginnote Info: Margin note 3.2 is on absolute page 3 on input line 21
0.
Package marginnote Info: right page because not two side mode on input line 210
.
Package marginnote Info: xpos seems to be 100.01144pt on input line 210.
Package marginnote Info: Margin note 3.3 is on absolute page 3 on input line 21
2.
Package marginnote Info: right page because not two side mode on input line 212
.
Package marginnote Info: xpos seems to be 100.01144pt on input line 212.

Underfull \hbox (badness 10000) in paragraph at lines 209--214

 []

[3] [4] [5] [6
pdfTeX warning (ext4): destination with the same identifier (name{cite.this}) h
as been already used, duplicate ignored
<argument> ...shipout:D \box_use:N \l_shipout_box 
                                                  \__shipout_drop_firstpage_...
l.602 
      
pdfTeX warning (ext4): destination with the same identifier (name{cite.this}) h
as been already used, duplicate ignored
<argument> ...shipout:D \box_use:N \l_shipout_box 
                                                  \__shipout_drop_firstpage_...
l.602 
      ] [7
pdfTeX warning (ext4): destination with the same identifier (name{cite.doi:0}) 
has been already used, duplicate ignored
<argument> ...shipout:D \box_use:N \l_shipout_box 
                                                  \__shipout_drop_firstpage_...
l.726 
      
pdfTeX warning (ext4): destination with the same identifier (name{cite.doi:0}) 
has been already used, duplicate ignored
<argument> ...shipout:D \box_use:N \l_shipout_box 
                                                  \__shipout_drop_firstpage_...
l.726 
      
pdfTeX warning (ext4): destination with the same identifier (name{cite.doi:0}) 
has been already used, duplicate ignored
<argument> ...shipout:D \box_use:N \l_shipout_box 
                                                  \__shipout_drop_firstpage_...
l.726 
      ] [8]
pdfTeX warning (ext4): destination with the same identifier (name{cite.Satherle
y:2015}) has been already used, duplicate ignored
<to be read again> 
                   \relax 
l.870 \bibitem{Satherley:2015}
                               [9] [10] [11] [12]
Package marginnote Info: Margin note 13.1 is on absolute page 13 on input line 
1523.
Package marginnote Info: right page because not two side mode on input line 152
3.
Package marginnote Info: xpos seems to be 100.01144pt on input line 1523.

Underfull \hbox (badness 10000) in paragraph at lines 1523--1525

 []

Package marginnote Info: Margin note 13.2 is on absolute page 13 on input line 
1526.
Package marginnote Info: right page because not two side mode on input line 152
6.
Package marginnote Info: xpos seems to be 100.01144pt on input line 1526.
Package marginnote Info: Margin note 13.3 is on absolute page 13 on input line 
1528.
Package marginnote Info: right page because not two side mode on input line 152
8.
Package marginnote Info: xpos seems to be 100.01144pt on input line 1528.
Package marginnote Info: Margin note 13.4 is on absolute page 13 on input line 
1530.
Package marginnote Info: right page because not two side mode on input line 153
0.
Package marginnote Info: xpos seems to be 100.01144pt on input line 1530.
Package marginnote Info: Margin note 13.5 is on absolute page 13 on input line 
1532.
Package marginnote Info: right page because not two side mode on input line 153
2.
Package marginnote Info: xpos seems to be 100.01144pt on input line 1532.
Package marginnote Info: Margin note 13.6 is on absolute page 14 on input line 
1534.
Package marginnote Info: right page because not two side mode on input line 153
4.
Package marginnote Info: xpos seems to be 100.01144pt on input line 1534.
Package marginnote Info: Margin note 13.7 is on absolute page 14 on input line 
1536.
Package marginnote Info: right page because not two side mode on input line 153
6.
Package marginnote Info: xpos seems to be 100.01144pt on input line 1536.
Package marginnote Info: Margin note 13.8 is on absolute page 14 on input line 
1538.
Package marginnote Info: right page because not two side mode on input line 153
8.
Package marginnote Info: xpos seems to be 100.01144pt on input line 1538.
Package marginnote Info: Margin note 13.9 is on absolute page 14 on input line 
1540.
Package marginnote Info: right page because not two side mode on input line 154
0.
Package marginnote Info: xpos seems to be 100.01144pt on input line 1540.
Package marginnote Info: Margin note 13.10 is on absolute page 14 on input line
 1542.
Package marginnote Info: right page because not two side mode on input line 154
2.
Package marginnote Info: xpos seems to be 100.01144pt on input line 1542.
Package marginnote Info: Margin note 13.11 is on absolute page 14 on input line
 1544.
Package marginnote Info: right page because not two side mode on input line 154
4.
Package marginnote Info: xpos seems to be 100.01144pt on input line 1544.
Package marginnote Info: Margin note 13.12 is on absolute page 14 on input line
 1546.
Package marginnote Info: right page because not two side mode on input line 154
6.
Package marginnote Info: xpos seems to be 100.01144pt on input line 1546.
Package marginnote Info: Margin note 13.13 is on absolute page 14 on input line
 1548.
Package marginnote Info: right page because not two side mode on input line 154
8.
Package marginnote Info: xpos seems to be 100.01144pt on input line 1548.
Package marginnote Info: Margin note 13.14 is on absolute page 14 on input line
 1550.
Package marginnote Info: right page because not two side mode on input line 155
0.
Package marginnote Info: xpos seems to be 100.01144pt on input line 1550.
Package marginnote Info: Margin note 13.15 is on absolute page 14 on input line
 1552.
Package marginnote Info: right page because not two side mode on input line 155
2.
Package marginnote Info: xpos seems to be 100.01144pt on input line 1552.
Package marginnote Info: Margin note 13.16 is on absolute page 14 on input line
 1554.
Package marginnote Info: right page because not two side mode on input line 155
4.
Package marginnote Info: xpos seems to be 100.01144pt on input line 1554.
[13]
Package marginnote Info: Margin note 14.1 is on absolute page 14 on input line 
1559.
Package marginnote Info: right page because not two side mode on input line 155
9.
Package marginnote Info: xpos seems to be 100.01144pt on input line 1559.

Underfull \hbox (badness 10000) in paragraph at lines 1558--1560

 []

Package marginnote Info: Margin note 14.2 is on absolute page 14 on input line 
1561.
Package marginnote Info: right page because not two side mode on input line 156
1.
Package marginnote Info: xpos seems to be 100.01144pt on input line 1561.

Underfull \hbox (badness 10000) in paragraph at lines 1561--1562

 []

Package marginnote Info: Margin note 14.3 is on absolute page 14 on input line 
1577.
Package marginnote Info: right page because not two side mode on input line 157
7.
Package marginnote Info: xpos seems to be 100.01144pt on input line 1577.
Package marginnote Info: Margin note 14.4 is on absolute page 14 on input line 
1578.
Package marginnote Info: right page because not two side mode on input line 157
8.
Package marginnote Info: xpos seems to be 100.01144pt on input line 1578.
Package marginnote Info: Margin note 14.5 is on absolute page 14 on input line 
1580.
Package marginnote Info: right page because not two side mode on input line 158
0.
Package marginnote Info: xpos seems to be 100.01144pt on input line 1580.
Package marginnote Info: Margin note 14.6 is on absolute page 14 on input line 
1581.
Package marginnote Info: right page because not two side mode on input line 158
1.
Package marginnote Info: xpos seems to be 100.01144pt on input line 1581.
Package marginnote Info: Margin note 14.7 is on absolute page 14 on input line 
1582.
Package marginnote Info: right page because not two side mode on input line 158
2.
Package marginnote Info: xpos seems to be 100.01144pt on input line 1582.
Package marginnote Info: Margin note 14.8 is on absolute page 14 on input line 
1583.
Package marginnote Info: right page because not two side mode on input line 158
3.
Package marginnote Info: xpos seems to be 100.01144pt on input line 1583.
Package marginnote Info: Margin note 14.9 is on absolute page 14 on input line 
1584.
Package marginnote Info: right page because not two side mode on input line 158
4.
Package marginnote Info: xpos seems to be 100.01144pt on input line 1584.
Package marginnote Info: Margin note 14.10 is on absolute page 14 on input line
 1585.
Package marginnote Info: right page because not two side mode on input line 158
5.
Package marginnote Info: xpos seems to be 100.01144pt on input line 1585.
Package marginnote Info: Margin note 14.11 is on absolute page 14 on input line
 1586.
Package marginnote Info: right page because not two side mode on input line 158
6.
Package marginnote Info: xpos seems to be 100.01144pt on input line 1586.
Package marginnote Info: Margin note 14.12 is on absolute page 15 on input line
 1587.
Package marginnote Info: right page because not two side mode on input line 158
7.
Package marginnote Info: xpos seems to be 100.01144pt on input line 1587.
Package marginnote Info: Margin note 14.13 is on absolute page 15 on input line
 1588.
Package marginnote Info: right page because not two side mode on input line 158
8.
Package marginnote Info: xpos seems to be 100.01144pt on input line 1588.
Package marginnote Info: Margin note 14.14 is on absolute page 15 on input line
 1589.
Package marginnote Info: right page because not two side mode on input line 158
9.
Package marginnote Info: xpos seems to be 100.01144pt on input line 1589.
Package marginnote Info: Margin note 14.15 is on absolute page 15 on input line
 1590.
Package marginnote Info: right page because not two side mode on input line 159
0.
Package marginnote Info: xpos seems to be 100.01144pt on input line 1590.
Package marginnote Info: Margin note 14.16 is on absolute page 15 on input line
 1591.
Package marginnote Info: right page because not two side mode on input line 159
1.
Package marginnote Info: xpos seems to be 100.01144pt on input line 1591.
Package marginnote Info: Margin note 14.17 is on absolute page 15 on input line
 1593.
Package marginnote Info: right page because not two side mode on input line 159
3.
Package marginnote Info: xpos seems to be 100.01144pt on input line 1593.
Package marginnote Info: Margin note 14.18 is on absolute page 15 on input line
 1596.
Package marginnote Info: right page because not two side mode on input line 159
6.
Package marginnote Info: xpos seems to be 100.01144pt on input line 1596.
Package marginnote Info: Margin note 14.19 is on absolute page 15 on input line
 1597.
Package marginnote Info: right page because not two side mode on input line 159
7.
Package marginnote Info: xpos seems to be 100.01144pt on input line 1597.
Package marginnote Info: Margin note 14.20 is on absolute page 15 on input line
 1598.
Package marginnote Info: right page because not two side mode on input line 159
8.
Package marginnote Info: xpos seems to be 100.01144pt on input line 1598.
[14]
Package marginnote Info: Margin note 15.1 is on absolute page 15 on input line 
1601.
Package marginnote Info: right page because not two side mode on input line 160
1.
Package marginnote Info: xpos seems to be 100.01144pt on input line 1601.
Package marginnote Info: Margin note 15.2 is on absolute page 15 on input line 
1602.
Package marginnote Info: right page because not two side mode on input line 160
2.
Package marginnote Info: xpos seems to be 100.01144pt on input line 1602.
Package marginnote Info: Margin note 15.3 is on absolute page 15 on input line 
1603.
Package marginnote Info: right page because not two side mode on input line 160
3.
Package marginnote Info: xpos seems to be 100.01144pt on input line 1603.
Package marginnote Info: Margin note 15.4 is on absolute page 15 on input line 
1604.
Package marginnote Info: right page because not two side mode on input line 160
4.
Package marginnote Info: xpos seems to be 100.01144pt on input line 1604.
Package marginnote Info: Margin note 15.5 is on absolute page 15 on input line 
1605.
Package marginnote Info: right page because not two side mode on input line 160
5.
Package marginnote Info: xpos seems to be 100.01144pt on input line 1605.
Package marginnote Info: Margin note 15.6 is on absolute page 15 on input line 
1606.
Package marginnote Info: right page because not two side mode on input line 160
6.
Package marginnote Info: xpos seems to be 100.01144pt on input line 1606.
Package marginnote Info: Margin note 15.7 is on absolute page 15 on input line 
1607.
Package marginnote Info: right page because not two side mode on input line 160
7.
Package marginnote Info: xpos seems to be 100.01144pt on input line 1607.
Package marginnote Info: Margin note 15.8 is on absolute page 15 on input line 
1608.
Package marginnote Info: right page because not two side mode on input line 160
8.
Package marginnote Info: xpos seems to be 100.01144pt on input line 1608.
Package marginnote Info: Margin note 15.9 is on absolute page 15 on input line 
1609.
Package marginnote Info: right page because not two side mode on input line 160
9.
Package marginnote Info: xpos seems to be 100.01144pt on input line 1609.
Package marginnote Info: Margin note 15.10 is on absolute page 15 on input line
 1610.
Package marginnote Info: right page because not two side mode on input line 161
0.
Package marginnote Info: xpos seems to be 100.01144pt on input line 1610.
Package marginnote Info: Margin note 15.11 is on absolute page 15 on input line
 1611.
Package marginnote Info: right page because not two side mode on input line 161
1.
Package marginnote Info: xpos seems to be 100.01144pt on input line 1611.
Package marginnote Info: Margin note 15.12 is on absolute page 15 on input line
 1612.
Package marginnote Info: right page because not two side mode on input line 161
2.
Package marginnote Info: xpos seems to be 100.01144pt on input line 1612.
Package marginnote Info: Margin note 15.13 is on absolute page 15 on input line
 1613.
Package marginnote Info: right page because not two side mode on input line 161
3.
Package marginnote Info: xpos seems to be 100.01144pt on input line 1613.
Package marginnote Info: Margin note 15.14 is on absolute page 15 on input line
 1614.
Package marginnote Info: right page because not two side mode on input line 161
4.
Package marginnote Info: xpos seems to be 100.01144pt on input line 1614.
Package marginnote Info: Margin note 15.15 is on absolute page 16 on input line
 1615.
Package marginnote Info: right page because not two side mode on input line 161
5.
Package marginnote Info: xpos seems to be 100.01144pt on input line 1615.
Package marginnote Info: Margin note 15.16 is on absolute page 16 on input line
 1616.
Package marginnote Info: right page because not two side mode on input line 161
6.
Package marginnote Info: xpos seems to be 100.01144pt on input line 1616.
Package marginnote Info: Margin note 15.17 is on absolute page 16 on input line
 1617.
Package marginnote Info: right page because not two side mode on input line 161
7.
Package marginnote Info: xpos seems to be 100.01144pt on input line 1617.
Package marginnote Info: Margin note 15.18 is on absolute page 16 on input line
 1618.
Package marginnote Info: right page because not two side mode on input line 161
8.
Package marginnote Info: xpos seems to be 100.01144pt on input line 1618.
Package marginnote Info: Margin note 15.19 is on absolute page 16 on input line
 1619.
Package marginnote Info: right page because not two side mode on input line 161
9.
Package marginnote Info: xpos seems to be 100.01144pt on input line 1619.
Package marginnote Info: Margin note 15.20 is on absolute page 16 on input line
 1620.
Package marginnote Info: right page because not two side mode on input line 162
0.
Package marginnote Info: xpos seems to be 100.01144pt on input line 1620.
Package marginnote Info: Margin note 15.21 is on absolute page 16 on input line
 1621.
Package marginnote Info: right page because not two side mode on input line 162
1.
Package marginnote Info: xpos seems to be 100.01144pt on input line 1621.
Package marginnote Info: Margin note 15.22 is on absolute page 16 on input line
 1622.
Package marginnote Info: right page because not two side mode on input line 162
2.
Package marginnote Info: xpos seems to be 100.01144pt on input line 1622.
Package marginnote Info: Margin note 15.23 is on absolute page 16 on input line
 1623.
Package marginnote Info: right page because not two side mode on input line 162
3.
Package marginnote Info: xpos seems to be 100.01144pt on input line 1623.
Package marginnote Info: Margin note 15.24 is on absolute page 16 on input line
 1624.
Package marginnote Info: right page because not two side mode on input line 162
4.
Package marginnote Info: xpos seems to be 100.01144pt on input line 1624.
Package marginnote Info: Margin note 15.25 is on absolute page 16 on input line
 1625.
Package marginnote Info: right page because not two side mode on input line 162
5.
Package marginnote Info: xpos seems to be 100.01144pt on input line 1625.
Package marginnote Info: Margin note 15.26 is on absolute page 16 on input line
 1626.
Package marginnote Info: right page because not two side mode on input line 162
6.
Package marginnote Info: xpos seems to be 100.01144pt on input line 1626.
Package marginnote Info: Margin note 15.27 is on absolute page 16 on input line
 1627.
Package marginnote Info: right page because not two side mode on input line 162
7.
Package marginnote Info: xpos seems to be 100.01144pt on input line 1627.
Package marginnote Info: Margin note 15.28 is on absolute page 16 on input line
 1628.
Package marginnote Info: right page because not two side mode on input line 162
8.
Package marginnote Info: xpos seems to be 100.01144pt on input line 1628.
Package marginnote Info: Margin note 15.29 is on absolute page 16 on input line
 1629.
Package marginnote Info: right page because not two side mode on input line 162
9.
Package marginnote Info: xpos seems to be 100.01144pt on input line 1629.
Package marginnote Info: Margin note 15.30 is on absolute page 16 on input line
 1630.
Package marginnote Info: right page because not two side mode on input line 163
0.
Package marginnote Info: xpos seems to be 100.01144pt on input line 1630.
Package marginnote Info: Margin note 15.31 is on absolute page 16 on input line
 1631.
Package marginnote Info: right page because not two side mode on input line 163
1.
Package marginnote Info: xpos seems to be 100.01144pt on input line 1631.
Package marginnote Info: Margin note 15.32 is on absolute page 16 on input line
 1632.
Package marginnote Info: right page because not two side mode on input line 163
2.
Package marginnote Info: xpos seems to be 100.01144pt on input line 1632.
Package marginnote Info: Margin note 15.33 is on absolute page 16 on input line
 1633.
Package marginnote Info: right page because not two side mode on input line 163
3.
Package marginnote Info: xpos seems to be 100.01144pt on input line 1633.
Package marginnote Info: Margin note 15.34 is on absolute page 16 on input line
 1634.
Package marginnote Info: right page because not two side mode on input line 163
4.
Package marginnote Info: xpos seems to be 100.01144pt on input line 1634.
Package marginnote Info: Margin note 15.35 is on absolute page 16 on input line
 1635.
Package marginnote Info: right page because not two side mode on input line 163
5.
Package marginnote Info: xpos seems to be 100.01144pt on input line 1635.
Package marginnote Info: Margin note 15.36 is on absolute page 16 on input line
 1636.
Package marginnote Info: right page because not two side mode on input line 163
6.
Package marginnote Info: xpos seems to be 100.01144pt on input line 1636.
Package marginnote Info: Margin note 15.37 is on absolute page 16 on input line
 1638.
Package marginnote Info: right page because not two side mode on input line 163
8.
Package marginnote Info: xpos seems to be 100.01144pt on input line 1638.
Package marginnote Info: Margin note 15.38 is on absolute page 17 on input line
 1639.
Package marginnote Info: right page because not two side mode on input line 163
9.
Package marginnote Info: xpos seems to be 100.01144pt on input line 1639.
Package marginnote Info: Margin note 15.39 is on absolute page 17 on input line
 1640.
Package marginnote Info: right page because not two side mode on input line 164
0.
Package marginnote Info: xpos seems to be 100.01144pt on input line 1640.
Package marginnote Info: Margin note 15.40 is on absolute page 17 on input line
 1641.
Package marginnote Info: right page because not two side mode on input line 164
1.
Package marginnote Info: xpos seems to be 100.01144pt on input line 1641.
Package marginnote Info: Margin note 15.41 is on absolute page 17 on input line
 1642.
Package marginnote Info: right page because not two side mode on input line 164
2.
Package marginnote Info: xpos seems to be 100.01144pt on input line 1642.
Package marginnote Info: Margin note 15.42 is on absolute page 17 on input line
 1643.
Package marginnote Info: right page because not two side mode on input line 164
3.
Package marginnote Info: xpos seems to be 100.01144pt on input line 1643.
Package marginnote Info: Margin note 15.43 is on absolute page 17 on input line
 1644.
Package marginnote Info: right page because not two side mode on input line 164
4.
Package marginnote Info: xpos seems to be 100.01144pt on input line 1644.
Package marginnote Info: Margin note 15.44 is on absolute page 17 on input line
 1645.
Package marginnote Info: right page because not two side mode on input line 164
5.
Package marginnote Info: xpos seems to be 100.01144pt on input line 1645.
Package marginnote Info: Margin note 15.45 is on absolute page 17 on input line
 1646.
Package marginnote Info: right page because not two side mode on input line 164
6.
Package marginnote Info: xpos seems to be 100.01144pt on input line 1646.
Package marginnote Info: Margin note 15.46 is on absolute page 17 on input line
 1647.
Package marginnote Info: right page because not two side mode on input line 164
7.
Package marginnote Info: xpos seems to be 100.01144pt on input line 1647.
Package marginnote Info: Margin note 15.47 is on absolute page 17 on input line
 1649.
Package marginnote Info: right page because not two side mode on input line 164
9.
Package marginnote Info: xpos seems to be 100.01144pt on input line 1649.
Package marginnote Info: Margin note 15.48 is on absolute page 17 on input line
 1650.
Package marginnote Info: right page because not two side mode on input line 165
0.
Package marginnote Info: xpos seems to be 100.01144pt on input line 1650.
Package marginnote Info: Margin note 15.49 is on absolute page 17 on input line
 1653.
Package marginnote Info: right page because not two side mode on input line 165
3.
Package marginnote Info: xpos seems to be 100.01144pt on input line 1653.
Package marginnote Info: Margin note 15.50 is on absolute page 17 on input line
 1654.
Package marginnote Info: right page because not two side mode on input line 165
4.
Package marginnote Info: xpos seems to be 100.01144pt on input line 1654.
Package marginnote Info: Margin note 15.51 is on absolute page 17 on input line
 1655.
Package marginnote Info: right page because not two side mode on input line 165
5.
Package marginnote Info: xpos seems to be 100.01144pt on input line 1655.
Package marginnote Info: Margin note 15.52 is on absolute page 17 on input line
 1656.
Package marginnote Info: right page because not two side mode on input line 165
6.
Package marginnote Info: xpos seems to be 100.01144pt on input line 1656.
Package marginnote Info: Margin note 15.53 is on absolute page 17 on input line
 1657.
Package marginnote Info: right page because not two side mode on input line 165
7.
Package marginnote Info: xpos seems to be 100.01144pt on input line 1657.
Package marginnote Info: Margin note 15.54 is on absolute page 17 on input line
 1658.
Package marginnote Info: right page because not two side mode on input line 165
8.
Package marginnote Info: xpos seems to be 100.01144pt on input line 1658.
Package marginnote Info: Margin note 15.55 is on absolute page 17 on input line
 1659.
Package marginnote Info: right page because not two side mode on input line 165
9.
Package marginnote Info: xpos seems to be 100.01144pt on input line 1659.
Package marginnote Info: Margin note 15.56 is on absolute page 17 on input line
 1660.
Package marginnote Info: right page because not two side mode on input line 166
0.
Package marginnote Info: xpos seems to be 100.01144pt on input line 1660.
Package marginnote Info: Margin note 15.57 is on absolute page 17 on input line
 1661.
Package marginnote Info: right page because not two side mode on input line 166
1.
Package marginnote Info: xpos seems to be 100.01144pt on input line 1661.
Package marginnote Info: Margin note 15.58 is on absolute page 17 on input line
 1663.
Package marginnote Info: right page because not two side mode on input line 166
3.
Package marginnote Info: xpos seems to be 100.01144pt on input line 1663.
Package marginnote Info: Margin note 15.59 is on absolute page 17 on input line
 1664.
Package marginnote Info: right page because not two side mode on input line 166
4.
Package marginnote Info: xpos seems to be 100.01144pt on input line 1664.
Package marginnote Info: Margin note 15.60 is on absolute page 17 on input line
 1665.
Package marginnote Info: right page because not two side mode on input line 166
5.
Package marginnote Info: xpos seems to be 100.01144pt on input line 1665.
Package marginnote Info: Margin note 15.61 is on absolute page 17 on input line
 1667.
Package marginnote Info: right page because not two side mode on input line 166
7.
Package marginnote Info: xpos seems to be 100.01144pt on input line 1667.
Package marginnote Info: Margin note 15.62 is on absolute page 17 on input line
 1670.
Package marginnote Info: right page because not two side mode on input line 167
0.
Package marginnote Info: xpos seems to be 100.01144pt on input line 1670.
Package marginnote Info: Margin note 15.63 is on absolute page 18 on input line
 1671.
Package marginnote Info: right page because not two side mode on input line 167
1.
Package marginnote Info: xpos seems to be 100.01144pt on input line 1671.
Package marginnote Info: Margin note 15.64 is on absolute page 18 on input line
 1672.
Package marginnote Info: right page because not two side mode on input line 167
2.
Package marginnote Info: xpos seems to be 100.01144pt on input line 1672.
Package marginnote Info: Margin note 15.65 is on absolute page 18 on input line
 1675.
Package marginnote Info: right page because not two side mode on input line 167
5.
Package marginnote Info: xpos seems to be 100.01144pt on input line 1675.
Package marginnote Info: Margin note 15.66 is on absolute page 18 on input line
 1678.
Package marginnote Info: right page because not two side mode on input line 167
8.
Package marginnote Info: xpos seems to be 100.01144pt on input line 1678.
Package marginnote Info: Margin note 15.67 is on absolute page 18 on input line
 1681.
Package marginnote Info: right page because not two side mode on input line 168
1.
Package marginnote Info: xpos seems to be 100.01144pt on input line 1681.
Package marginnote Info: Margin note 15.68 is on absolute page 18 on input line
 1684.
Package marginnote Info: right page because not two side mode on input line 168
4.
Package marginnote Info: xpos seems to be 100.01144pt on input line 1684.
Package marginnote Info: Margin note 15.69 is on absolute page 18 on input line
 1687.
Package marginnote Info: right page because not two side mode on input line 168
7.
Package marginnote Info: xpos seems to be 100.01144pt on input line 1687.
Package marginnote Info: Margin note 15.70 is on absolute page 18 on input line
 1690.
Package marginnote Info: right page because not two side mode on input line 169
0.
Package marginnote Info: xpos seems to be 100.01144pt on input line 1690.
 [15] [16] [17]
Package marginnote Info: Margin note 18.1 is on absolute page 18 on input line 
1707.
Package marginnote Info: right page because not two side mode on input line 170
7.
Package marginnote Info: xpos seems to be 100.01144pt on input line 1707.
Package marginnote Info: Margin note 18.2 is on absolute page 18 on input line 
1708.
Package marginnote Info: right page because not two side mode on input line 170
8.
Package marginnote Info: xpos seems to be 100.01144pt on input line 1708.
Package marginnote Info: Margin note 18.3 is on absolute page 18 on input line 
1709.
Package marginnote Info: right page because not two side mode on input line 170
9.
Package marginnote Info: xpos seems to be 100.01144pt on input line 1709.
Package marginnote Info: Margin note 18.4 is on absolute page 18 on input line 
1710.
Package marginnote Info: right page because not two side mode on input line 171
0.
Package marginnote Info: xpos seems to be 100.01144pt on input line 1710.
Package marginnote Info: Margin note 18.5 is on absolute page 18 on input line 
1711.
Package marginnote Info: right page because not two side mode on input line 171
1.
Package marginnote Info: xpos seems to be 100.01144pt on input line 1711.
Package marginnote Info: Margin note 18.6 is on absolute page 18 on input line 
1712.
Package marginnote Info: right page because not two side mode on input line 171
2.
Package marginnote Info: xpos seems to be 100.01144pt on input line 1712.
Package marginnote Info: Margin note 18.7 is on absolute page 18 on input line 
1713.
Package marginnote Info: right page because not two side mode on input line 171
3.
Package marginnote Info: xpos seems to be 100.01144pt on input line 1713.
Package marginnote Info: Margin note 18.8 is on absolute page 18 on input line 
1714.
Package marginnote Info: right page because not two side mode on input line 171
4.
Package marginnote Info: xpos seems to be 100.01144pt on input line 1714.
Package marginnote Info: Margin note 18.9 is on absolute page 18 on input line 
1715.
Package marginnote Info: right page because not two side mode on input line 171
5.
Package marginnote Info: xpos seems to be 100.01144pt on input line 1715.
Package marginnote Info: Margin note 18.10 is on absolute page 18 on input line
 1716.
Package marginnote Info: right page because not two side mode on input line 171
6.
Package marginnote Info: xpos seems to be 100.01144pt on input line 1716.
Package marginnote Info: Margin note 18.11 is on absolute page 18 on input line
 1717.
Package marginnote Info: right page because not two side mode on input line 171
7.
Package marginnote Info: xpos seems to be 100.01144pt on input line 1717.
 [18] (./bulbuliaCV.aux)

LaTeX Warning: There were multiply-defined labels.

Package rerunfilecheck Info: File `bulbuliaCV.out' has not changed.
(rerunfilecheck)             Checksum: D41D8CD98F00B204E9800998ECF8427E;0.
 ) 
Here is how much of TeX's memory you used:
 14483 strings out of 476025
 231620 string characters out of 5790017
 1900388 words of memory out of 5000000
 34282 multiletter control sequences out of 15000+600000
 533315 words of font info for 183 fonts, out of 8000000 for 9000
 1141 hyphenation exceptions out of 8191
 75i,11n,76p,1007b,587s stack positions out of 10000i,1000n,20000p,200000b,200000s
</usr/local/texlive/2023/texmf-dist/fonts/type1/public/amsfonts/cm/cmmi5.pfb>
</usr/local/texlive/2023/texmf-dist/fonts/type1/public/amsfonts/cm/cmmi7.pfb></
usr/local/texlive/2023/texmf-dist/fonts/type1/public/amsfonts/cm/cmmi9.pfb></us
r/local/texlive/2023/texmf-dist/fonts/type1/public/amsfonts/cm/cmr7.pfb></usr/l
ocal/texlive/2023/texmf-dist/fonts/type1/public/amsfonts/cm/cmr9.pfb></usr/loca
l/texlive/2023/texmf-dist/fonts/type1/public/amsfonts/cm/cmsy7.pfb></usr/local/
texlive/2023/texmf-dist/fonts/type1/public/amsfonts/cm/cmsy9.pfb></usr/local/te
xlive/2023/texmf-dist/fonts/type1/public/eurosym/feybr10.pfb></usr/local/texliv
e/2023/texmf-dist/fonts/type1/public/cm-super/sfbx0900.pfb></usr/local/texlive/
2023/texmf-dist/fonts/type1/public/cm-super/sfbx1000.pfb></usr/local/texlive/20
23/texmf-dist/fonts/type1/public/cm-super/sfbx1200.pfb></usr/local/texlive/2023
/texmf-dist/fonts/type1/public/cm-super/sfbx1440.pfb></usr/local/texlive/2023/t
exmf-dist/fonts/type1/public/cm-super/sfcc0900.pfb></usr/local/texlive/2023/tex
mf-dist/fonts/type1/public/cm-super/sfrm0700.pfb></usr/local/texlive/2023/texmf
-dist/fonts/type1/public/cm-super/sfrm0900.pfb></usr/local/texlive/2023/texmf-d
ist/fonts/type1/public/cm-super/sfti0900.pfb>
Output written on bulbuliaCV.pdf (18 pages, 323443 bytes).
PDF statistics:
 641 PDF objects out of 1000 (max. 8388607)
 583 compressed objects within 6 object streams
 214 named destinations out of 1000 (max. 500000)
 30721 words of extra memory for PDF output out of 35830 (max. 10000000)

